{"/home/travis/build/npmtest/node-npmtest-octonode/test.js":{"path":"/home/travis/build/npmtest/node-npmtest-octonode/test.js","s":{"1":2,"2":2,"3":2,"4":2,"5":2,"6":2,"7":2,"8":1,"9":2,"10":2,"11":1,"12":1,"13":1,"14":1,"15":2,"16":2,"17":2,"18":2,"19":1,"20":1,"21":2,"22":2,"23":2,"24":1,"25":1,"26":1,"27":1,"28":1,"29":1,"30":1,"31":1,"32":1,"33":1,"34":1,"35":1,"36":1,"37":1,"38":1,"39":2,"40":2,"41":1,"42":2,"43":2,"44":1,"45":2,"46":2,"47":1,"48":2,"49":2,"50":1,"51":1,"52":1,"53":1,"54":1},"b":{"1":[2,1,1,1],"2":[1,1,1,1],"3":[1,1],"4":[1,1],"5":[1,1],"6":[1,1],"7":[1,1],"8":[1,1],"9":[1,1],"10":[1,1,1],"11":[1,1],"12":[1,1],"13":[1,1],"14":[1,1],"15":[1,1],"16":[1,1],"17":[1,1]},"f":{"1":2,"2":2,"3":2,"4":2,"5":2,"6":1,"7":1,"8":1,"9":2,"10":2,"11":2,"12":2,"13":1},"fnMap":{"1":{"name":"(anonymous_1)","line":12,"loc":{"start":{"line":12,"column":1},"end":{"line":12,"column":13}}},"2":{"name":"(anonymous_2)","line":19,"loc":{"start":{"line":19,"column":5},"end":{"line":19,"column":17}}},"3":{"name":"(anonymous_3)","line":23,"loc":{"start":{"line":23,"column":24},"end":{"line":23,"column":36}}},"4":{"name":"(anonymous_4)","line":61,"loc":{"start":{"line":61,"column":5},"end":{"line":61,"column":17}}},"5":{"name":"(anonymous_5)","line":82,"loc":{"start":{"line":82,"column":5},"end":{"line":82,"column":17}}},"6":{"name":"(anonymous_6)","line":91,"loc":{"start":{"line":91,"column":77},"end":{"line":94,"column":10}}},"7":{"name":"(anonymous_7)","line":112,"loc":{"start":{"line":112,"column":83},"end":{"line":115,"column":10}},"skip":true},"8":{"name":"(anonymous_8)","line":123,"loc":{"start":{"line":123,"column":77},"end":{"line":126,"column":10}},"skip":true},"9":{"name":"(anonymous_9)","line":139,"loc":{"start":{"line":139,"column":12},"end":{"line":139,"column":40}},"skip":true},"10":{"name":"(anonymous_10)","line":147,"loc":{"start":{"line":147,"column":77},"end":{"line":150,"column":10}},"skip":true},"11":{"name":"(anonymous_11)","line":158,"loc":{"start":{"line":158,"column":83},"end":{"line":161,"column":10}},"skip":true},"12":{"name":"(anonymous_12)","line":169,"loc":{"start":{"line":169,"column":79},"end":{"line":172,"column":10}},"skip":true},"13":{"name":"(anonymous_13)","line":180,"loc":{"start":{"line":180,"column":75},"end":{"line":183,"column":10}},"skip":true}},"statementMap":{"1":{"start":{"line":12,"column":0},"end":{"line":195,"column":5}},"2":{"start":{"line":14,"column":4},"end":{"line":14,"column":14}},"3":{"start":{"line":19,"column":4},"end":{"line":56,"column":9}},"4":{"start":{"line":21,"column":8},"end":{"line":21,"column":19}},"5":{"start":{"line":23,"column":8},"end":{"line":35,"column":13}},"6":{"start":{"line":24,"column":12},"end":{"line":34,"column":13}},"7":{"start":{"line":25,"column":16},"end":{"line":28,"column":30}},"8":{"start":{"line":30,"column":16},"end":{"line":33,"column":27}},"9":{"start":{"line":37,"column":8},"end":{"line":39,"column":21}},"10":{"start":{"line":40,"column":8},"end":{"line":53,"column":9}},"11":{"start":{"line":43,"column":12},"end":{"line":46,"column":14}},"12":{"start":{"line":47,"column":12},"end":{"line":47,"column":18}},"13":{"start":{"line":50,"column":12},"end":{"line":51,"column":33}},"14":{"start":{"line":52,"column":12},"end":{"line":52,"column":18}},"15":{"start":{"line":55,"column":8},"end":{"line":55,"column":35}},"16":{"start":{"line":61,"column":4},"end":{"line":63,"column":9}},"17":{"start":{"line":62,"column":8},"end":{"line":62,"column":15}},"18":{"start":{"line":64,"column":4},"end":{"line":77,"column":5}},"19":{"start":{"line":70,"column":8},"end":{"line":70,"column":14}},"20":{"start":{"line":76,"column":8},"end":{"line":76,"column":14}},"21":{"start":{"line":82,"column":4},"end":{"line":84,"column":9}},"22":{"start":{"line":83,"column":8},"end":{"line":83,"column":15}},"23":{"start":{"line":85,"column":4},"end":{"line":194,"column":5}},"24":{"start":{"line":91,"column":8},"end":{"line":99,"column":10}},"25":{"start":{"line":98,"column":12},"end":{"line":98,"column":35}},"26":{"start":{"line":102,"column":8},"end":{"line":104,"column":63}},"27":{"start":{"line":105,"column":8},"end":{"line":105,"column":14}},"28":{"start":{"line":112,"column":8},"end":{"line":121,"column":10},"skip":true},"29":{"start":{"line":119,"column":12},"end":{"line":119,"column":55},"skip":true},"30":{"start":{"line":120,"column":12},"end":{"line":120,"column":48},"skip":true},"31":{"start":{"line":123,"column":8},"end":{"line":136,"column":10},"skip":true},"32":{"start":{"line":130,"column":12},"end":{"line":130,"column":76},"skip":true},"33":{"start":{"line":131,"column":12},"end":{"line":131,"column":73},"skip":true},"34":{"start":{"line":132,"column":12},"end":{"line":132,"column":74},"skip":true},"35":{"start":{"line":133,"column":12},"end":{"line":133,"column":79},"skip":true},"36":{"start":{"line":134,"column":12},"end":{"line":134,"column":25},"skip":true},"37":{"start":{"line":135,"column":12},"end":{"line":135,"column":45},"skip":true},"38":{"start":{"line":138,"column":8},"end":{"line":145,"column":14},"skip":true},"39":{"start":{"line":143,"column":16},"end":{"line":143,"column":29},"skip":true},"40":{"start":{"line":144,"column":16},"end":{"line":144,"column":55},"skip":true},"41":{"start":{"line":147,"column":8},"end":{"line":156,"column":10},"skip":true},"42":{"start":{"line":154,"column":12},"end":{"line":154,"column":25},"skip":true},"43":{"start":{"line":155,"column":12},"end":{"line":155,"column":45},"skip":true},"44":{"start":{"line":158,"column":8},"end":{"line":167,"column":10},"skip":true},"45":{"start":{"line":165,"column":12},"end":{"line":165,"column":25},"skip":true},"46":{"start":{"line":166,"column":12},"end":{"line":166,"column":48},"skip":true},"47":{"start":{"line":169,"column":8},"end":{"line":178,"column":10},"skip":true},"48":{"start":{"line":176,"column":12},"end":{"line":176,"column":25},"skip":true},"49":{"start":{"line":177,"column":12},"end":{"line":177,"column":46},"skip":true},"50":{"start":{"line":180,"column":8},"end":{"line":189,"column":10},"skip":true},"51":{"start":{"line":187,"column":12},"end":{"line":187,"column":94},"skip":true},"52":{"start":{"line":188,"column":12},"end":{"line":188,"column":48},"skip":true},"53":{"start":{"line":192,"column":8},"end":{"line":192,"column":35},"skip":true},"54":{"start":{"line":193,"column":8},"end":{"line":193,"column":14},"skip":true}},"branchMap":{"1":{"line":25,"type":"binary-expr","locations":[{"start":{"line":25,"column":23},"end":{"line":25,"column":62}},{"start":{"line":26,"column":20},"end":{"line":26,"column":70}},{"start":{"line":27,"column":20},"end":{"line":27,"column":71}},{"start":{"line":28,"column":20},"end":{"line":28,"column":29}}]},"2":{"line":30,"type":"binary-expr","locations":[{"start":{"line":30,"column":23},"end":{"line":30,"column":37}},{"start":{"line":31,"column":20},"end":{"line":31,"column":61}},{"start":{"line":32,"column":20},"end":{"line":32,"column":70}},{"start":{"line":33,"column":20},"end":{"line":33,"column":26}}]},"3":{"line":37,"type":"cond-expr","locations":[{"start":{"line":38,"column":14},"end":{"line":38,"column":20}},{"start":{"line":39,"column":14},"end":{"line":39,"column":20}}]},"4":{"line":40,"type":"switch","locations":[{"start":{"line":42,"column":8},"end":{"line":47,"column":18}},{"start":{"line":49,"column":8},"end":{"line":52,"column":18}}]},"5":{"line":44,"type":"binary-expr","locations":[{"start":{"line":44,"column":16},"end":{"line":44,"column":44}},{"start":{"line":44,"column":48},"end":{"line":44,"column":66}}]},"6":{"line":50,"type":"binary-expr","locations":[{"start":{"line":50,"column":21},"end":{"line":50,"column":49}},{"start":{"line":50,"column":53},"end":{"line":50,"column":72}}]},"7":{"line":64,"type":"switch","locations":[{"start":{"line":69,"column":4},"end":{"line":70,"column":14}},{"start":{"line":75,"column":4},"end":{"line":76,"column":14}}]},"8":{"line":85,"type":"switch","locations":[{"start":{"line":90,"column":4},"end":{"line":105,"column":14}},{"start":{"line":111,"column":4},"end":{"line":193,"column":14},"skip":true}]},"9":{"line":91,"type":"binary-expr","locations":[{"start":{"line":91,"column":42},"end":{"line":91,"column":73}},{"start":{"line":91,"column":77},"end":{"line":99,"column":9}}]},"10":{"line":102,"type":"binary-expr","locations":[{"start":{"line":102,"column":18},"end":{"line":102,"column":32}},{"start":{"line":103,"column":12},"end":{"line":103,"column":53}},{"start":{"line":104,"column":12},"end":{"line":104,"column":61}}]},"11":{"line":112,"type":"binary-expr","locations":[{"start":{"line":112,"column":45},"end":{"line":112,"column":79},"skip":true},{"start":{"line":112,"column":83},"end":{"line":121,"column":9},"skip":true}]},"12":{"line":123,"type":"binary-expr","locations":[{"start":{"line":123,"column":42},"end":{"line":123,"column":73},"skip":true},{"start":{"line":123,"column":77},"end":{"line":136,"column":9},"skip":true}]},"13":{"line":138,"type":"binary-expr","locations":[{"start":{"line":138,"column":48},"end":{"line":138,"column":85},"skip":true},{"start":{"line":139,"column":12},"end":{"line":145,"column":13},"skip":true}]},"14":{"line":147,"type":"binary-expr","locations":[{"start":{"line":147,"column":42},"end":{"line":147,"column":73},"skip":true},{"start":{"line":147,"column":77},"end":{"line":156,"column":9},"skip":true}]},"15":{"line":158,"type":"binary-expr","locations":[{"start":{"line":158,"column":45},"end":{"line":158,"column":79},"skip":true},{"start":{"line":158,"column":83},"end":{"line":167,"column":9},"skip":true}]},"16":{"line":169,"type":"binary-expr","locations":[{"start":{"line":169,"column":43},"end":{"line":169,"column":75},"skip":true},{"start":{"line":169,"column":79},"end":{"line":178,"column":9},"skip":true}]},"17":{"line":180,"type":"binary-expr","locations":[{"start":{"line":180,"column":41},"end":{"line":180,"column":71},"skip":true},{"start":{"line":180,"column":75},"end":{"line":189,"column":9},"skip":true}]}},"code":["/* istanbul instrument in package npmtest_octonode */","/*jslint","    bitwise: true,","    browser: true,","    maxerr: 8,","    maxlen: 96,","    node: true,","    nomen: true,","    regexp: true,","    stupid: true","*/","(function () {","    'use strict';","    var local;","","","","    // run shared js-env code - pre-init","    (function () {","        // init local","        local = {};","        // init modeJs","        local.modeJs = (function () {","            try {","                return typeof navigator.userAgent === 'string' &&","                    typeof document.querySelector('body') === 'object' &&","                    typeof XMLHttpRequest.prototype.open === 'function' &&","                    'browser';","            } catch (errorCaughtBrowser) {","                return module.exports &&","                    typeof process.versions.node === 'string' &&","                    typeof require('http').createServer === 'function' &&","                    'node';","            }","        }());","        // init global","        local.global = local.modeJs === 'browser'","            ? window","            : global;","        switch (local.modeJs) {","        // re-init local from window.local","        case 'browser':","            local = local.global.utility2.objectSetDefault(","                local.global.utility2_rollup || local.global.local,","                local.global.utility2","            );","            break;","        // re-init local from example.js","        case 'node':","            local = (local.global.utility2_rollup || require('utility2'))","                .requireReadme();","            break;","        }","        // export local","        local.global.local = local;","    }());","","","","    // run shared js-env code - function","    (function () {","        return;","    }());","    switch (local.modeJs) {","","","","    // run browser js-env code - function","    case 'browser':","        break;","","","","    // run node js-env code - function","    case 'node':","        break;","    }","","","","    // run shared js-env code - post-init","    (function () {","        return;","    }());","    switch (local.modeJs) {","","","","    // run browser js-env code - post-init","    case 'browser':","        local.testCase_browser_nullCase = local.testCase_browser_nullCase || function (","            options,","            onError","        ) {","        /*","         * this function will test browsers's null-case handling-behavior-behavior","         */","            onError(null, options);","        };","","        // run tests","        local.nop(local.modeTest &&","            document.querySelector('#testRunButton1') &&","            document.querySelector('#testRunButton1').click());","        break;","","","","    // run node js-env code - post-init","    /* istanbul ignore next */","    case 'node':","        local.testCase_buildApidoc_default = local.testCase_buildApidoc_default || function (","            options,","            onError","        ) {","        /*","         * this function will test buildApidoc's default handling-behavior-behavior","         */","            options = { modulePathList: module.paths };","            local.buildApidoc(options, onError);","        };","","        local.testCase_buildApp_default = local.testCase_buildApp_default || function (","            options,","            onError","        ) {","        /*","         * this function will test buildApp's default handling-behavior-behavior","         */","            local.testCase_buildReadme_default(options, local.onErrorThrow);","            local.testCase_buildLib_default(options, local.onErrorThrow);","            local.testCase_buildTest_default(options, local.onErrorThrow);","            local.testCase_buildCustomOrg_default(options, local.onErrorThrow);","            options = [];","            local.buildApp(options, onError);","        };","","        local.testCase_buildCustomOrg_default = local.testCase_buildCustomOrg_default ||","            function (options, onError) {","            /*","             * this function will test buildCustomOrg's default handling-behavior","             */","                options = {};","                local.buildCustomOrg(options, onError);","            };","","        local.testCase_buildLib_default = local.testCase_buildLib_default || function (","            options,","            onError","        ) {","        /*","         * this function will test buildLib's default handling-behavior","         */","            options = {};","            local.buildLib(options, onError);","        };","","        local.testCase_buildReadme_default = local.testCase_buildReadme_default || function (","            options,","            onError","        ) {","        /*","         * this function will test buildReadme's default handling-behavior-behavior","         */","            options = {};","            local.buildReadme(options, onError);","        };","","        local.testCase_buildTest_default = local.testCase_buildTest_default || function (","            options,","            onError","        ) {","        /*","         * this function will test buildTest's default handling-behavior","         */","            options = {};","            local.buildTest(options, onError);","        };","","        local.testCase_webpage_default = local.testCase_webpage_default || function (","            options,","            onError","        ) {","        /*","         * this function will test webpage's default handling-behavior","         */","            options = { modeCoverageMerge: true, url: local.serverLocalHost + '?modeTest=1' };","            local.browserTest(options, onError);","        };","","        // run test-server","        local.testRunServer(local);","        break;","    }","}());",""],"l":{"12":2,"14":2,"19":2,"21":2,"23":2,"24":2,"25":2,"30":1,"37":2,"40":2,"43":1,"47":1,"50":1,"52":1,"55":2,"61":2,"62":2,"64":2,"70":1,"76":1,"82":2,"83":2,"85":2,"91":1,"98":1,"102":1,"105":1,"112":1,"119":1,"120":1,"123":1,"130":1,"131":1,"132":1,"133":1,"134":1,"135":1,"138":1,"143":2,"144":2,"147":1,"154":2,"155":2,"158":1,"165":2,"166":2,"169":1,"176":2,"177":2,"180":1,"187":1,"188":1,"192":1,"193":1}},"/home/travis/build/npmtest/node-npmtest-octonode/lib.npmtest_octonode.js":{"path":"/home/travis/build/npmtest/node-npmtest-octonode/lib.npmtest_octonode.js","s":{"1":2,"2":2,"3":2,"4":2,"5":2,"6":2,"7":2,"8":1,"9":2,"10":2,"11":2,"12":2,"13":1,"14":1,"15":1,"16":1},"b":{"1":[2,1,1,1],"2":[1,1,1,1],"3":[1,1],"4":[2,2],"5":[1,1]},"f":{"1":2,"2":2,"3":2},"fnMap":{"1":{"name":"(anonymous_1)","line":12,"loc":{"start":{"line":12,"column":1},"end":{"line":12,"column":13}}},"2":{"name":"(anonymous_2)","line":19,"loc":{"start":{"line":19,"column":5},"end":{"line":19,"column":17}}},"3":{"name":"(anonymous_3)","line":23,"loc":{"start":{"line":23,"column":24},"end":{"line":23,"column":36}}}},"statementMap":{"1":{"start":{"line":12,"column":0},"end":{"line":53,"column":5}},"2":{"start":{"line":14,"column":4},"end":{"line":14,"column":14}},"3":{"start":{"line":19,"column":4},"end":{"line":52,"column":9}},"4":{"start":{"line":21,"column":8},"end":{"line":21,"column":19}},"5":{"start":{"line":23,"column":8},"end":{"line":35,"column":13}},"6":{"start":{"line":24,"column":12},"end":{"line":34,"column":13}},"7":{"start":{"line":25,"column":16},"end":{"line":28,"column":30}},"8":{"start":{"line":30,"column":16},"end":{"line":33,"column":27}},"9":{"start":{"line":37,"column":8},"end":{"line":39,"column":21}},"10":{"start":{"line":41,"column":8},"end":{"line":41,"column":54}},"11":{"start":{"line":43,"column":8},"end":{"line":43,"column":53}},"12":{"start":{"line":45,"column":8},"end":{"line":51,"column":9}},"13":{"start":{"line":46,"column":12},"end":{"line":46,"column":59}},"14":{"start":{"line":48,"column":12},"end":{"line":48,"column":35}},"15":{"start":{"line":49,"column":12},"end":{"line":49,"column":49}},"16":{"start":{"line":50,"column":12},"end":{"line":50,"column":43}}},"branchMap":{"1":{"line":25,"type":"binary-expr","locations":[{"start":{"line":25,"column":23},"end":{"line":25,"column":62}},{"start":{"line":26,"column":20},"end":{"line":26,"column":70}},{"start":{"line":27,"column":20},"end":{"line":27,"column":71}},{"start":{"line":28,"column":20},"end":{"line":28,"column":29}}]},"2":{"line":30,"type":"binary-expr","locations":[{"start":{"line":30,"column":23},"end":{"line":30,"column":37}},{"start":{"line":31,"column":20},"end":{"line":31,"column":61}},{"start":{"line":32,"column":20},"end":{"line":32,"column":70}},{"start":{"line":33,"column":20},"end":{"line":33,"column":26}}]},"3":{"line":37,"type":"cond-expr","locations":[{"start":{"line":38,"column":14},"end":{"line":38,"column":20}},{"start":{"line":39,"column":14},"end":{"line":39,"column":20}}]},"4":{"line":41,"type":"binary-expr","locations":[{"start":{"line":41,"column":16},"end":{"line":41,"column":44}},{"start":{"line":41,"column":48},"end":{"line":41,"column":53}}]},"5":{"line":45,"type":"if","locations":[{"start":{"line":45,"column":8},"end":{"line":45,"column":8}},{"start":{"line":45,"column":8},"end":{"line":45,"column":8}}]}},"code":["/* istanbul instrument in package npmtest_octonode */","/*jslint","    bitwise: true,","    browser: true,","    maxerr: 8,","    maxlen: 96,","    node: true,","    nomen: true,","    regexp: true,","    stupid: true","*/","(function () {","    'use strict';","    var local;","","","","    // run shared js-env code - pre-init","    (function () {","        // init local","        local = {};","        // init modeJs","        local.modeJs = (function () {","            try {","                return typeof navigator.userAgent === 'string' &&","                    typeof document.querySelector('body') === 'object' &&","                    typeof XMLHttpRequest.prototype.open === 'function' &&","                    'browser';","            } catch (errorCaughtBrowser) {","                return module.exports &&","                    typeof process.versions.node === 'string' &&","                    typeof require('http').createServer === 'function' &&","                    'node';","            }","        }());","        // init global","        local.global = local.modeJs === 'browser'","            ? window","            : global;","        // init utility2_rollup","        local = local.global.utility2_rollup || local;","        // init lib","        local.local = local.npmtest_octonode = local;","        // init exports","        if (local.modeJs === 'browser') {","            local.global.utility2_npmtest_octonode = local;","        } else {","            module.exports = local;","            module.exports.__dirname = __dirname;","            module.exports.module = module;","        }","    }());","}());",""],"l":{"12":2,"14":2,"19":2,"21":2,"23":2,"24":2,"25":2,"30":1,"37":2,"41":2,"43":2,"45":2,"46":1,"48":1,"49":1,"50":1}},"/home/travis/build/npmtest/node-npmtest-octonode/example.js":{"path":"/home/travis/build/npmtest/node-npmtest-octonode/example.js","s":{"1":2,"2":2,"3":2,"4":2,"5":2,"6":2,"7":2,"8":1,"9":2,"10":2,"11":2,"12":2,"13":1,"14":2,"15":2,"16":2,"17":2,"18":2,"19":0,"20":2,"21":1,"22":1,"23":1,"24":1,"25":1,"26":0,"27":0,"28":1,"29":1,"30":2,"31":0,"32":0,"33":0,"34":1,"35":2,"36":2,"37":3,"38":3,"39":3,"40":3,"41":0,"42":3,"43":3,"44":3,"45":1,"46":3,"47":1,"48":1,"49":1,"50":1,"51":1,"52":1,"53":1,"54":1,"55":1,"56":1,"57":0,"58":1,"59":6,"60":6,"61":1,"62":2,"63":0,"64":2,"65":1,"66":1,"67":0,"68":0,"69":0,"70":0,"71":0,"72":0,"73":0,"74":0,"75":0,"76":0,"77":0,"78":0,"79":0,"80":0,"81":0,"82":0,"83":0},"b":{"1":[2,1,1,1],"2":[1,1,1,1],"3":[1,1],"4":[2,2],"5":[1,1],"6":[1,1],"7":[2,0],"8":[2,1,1,1,1,1],"9":[0,2,0],"10":[1,1],"11":[2,1,1],"12":[1,0],"13":[0,2],"14":[2,0,0,0,0,0,0],"15":[0,3],"16":[3,0],"17":[1,1],"18":[0,1],"19":[1,2,0,2],"20":[1,0],"21":[1,1],"22":[0,0],"23":[0,0],"24":[0,0],"25":[0,0],"26":[0,0],"27":[0,0],"28":[0,0]},"f":{"1":2,"2":2,"3":2,"4":2,"5":2,"6":2,"7":3,"8":3,"9":3,"10":1,"11":6,"12":0},"fnMap":{"1":{"name":"(anonymous_1)","line":26,"loc":{"start":{"line":26,"column":1},"end":{"line":26,"column":13}}},"2":{"name":"(anonymous_2)","line":33,"loc":{"start":{"line":33,"column":5},"end":{"line":33,"column":17}}},"3":{"name":"(anonymous_3)","line":37,"loc":{"start":{"line":37,"column":24},"end":{"line":37,"column":36}}},"4":{"name":"(anonymous_4)","line":69,"loc":{"start":{"line":69,"column":31},"end":{"line":69,"column":48}},"skip":true},"5":{"name":"(anonymous_5)","line":78,"loc":{"start":{"line":78,"column":26},"end":{"line":78,"column":45}},"skip":true},"6":{"name":"(anonymous_6)","line":123,"loc":{"start":{"line":123,"column":33},"end":{"line":123,"column":48}},"skip":true},"7":{"name":"(anonymous_7)","line":125,"loc":{"start":{"line":125,"column":27},"end":{"line":125,"column":39}},"skip":true},"8":{"name":"(anonymous_8)","line":133,"loc":{"start":{"line":133,"column":59},"end":{"line":133,"column":74}},"skip":true},"9":{"name":"(anonymous_9)","line":143,"loc":{"start":{"line":143,"column":45},"end":{"line":143,"column":62}},"skip":true},"10":{"name":"(anonymous_10)","line":144,"loc":{"start":{"line":144,"column":73},"end":{"line":144,"column":92}},"skip":true},"11":{"name":"(anonymous_11)","line":272,"loc":{"start":{"line":272,"column":51},"end":{"line":272,"column":77}},"skip":true},"12":{"name":"(anonymous_12)","line":315,"loc":{"start":{"line":315,"column":32},"end":{"line":315,"column":61}},"skip":true}},"statementMap":{"1":{"start":{"line":26,"column":0},"end":{"line":326,"column":5}},"2":{"start":{"line":28,"column":4},"end":{"line":28,"column":14}},"3":{"start":{"line":33,"column":4},"end":{"line":60,"column":9}},"4":{"start":{"line":35,"column":8},"end":{"line":35,"column":19}},"5":{"start":{"line":37,"column":8},"end":{"line":49,"column":13}},"6":{"start":{"line":38,"column":12},"end":{"line":48,"column":13}},"7":{"start":{"line":39,"column":16},"end":{"line":42,"column":30}},"8":{"start":{"line":44,"column":16},"end":{"line":47,"column":27}},"9":{"start":{"line":51,"column":8},"end":{"line":53,"column":21}},"10":{"start":{"line":55,"column":8},"end":{"line":57,"column":45}},"11":{"start":{"line":59,"column":8},"end":{"line":59,"column":35}},"12":{"start":{"line":61,"column":4},"end":{"line":325,"column":5}},"13":{"start":{"line":69,"column":8},"end":{"line":121,"column":10},"skip":true},"14":{"start":{"line":70,"column":12},"end":{"line":88,"column":13},"skip":true},"15":{"start":{"line":76,"column":16},"end":{"line":87,"column":19},"skip":true},"16":{"start":{"line":79,"column":20},"end":{"line":86,"column":21},"skip":true},"17":{"start":{"line":82,"column":24},"end":{"line":82,"column":43},"skip":true},"18":{"start":{"line":83,"column":24},"end":{"line":83,"column":30},"skip":true},"19":{"start":{"line":85,"column":24},"end":{"line":85,"column":49},"skip":true},"20":{"start":{"line":89,"column":12},"end":{"line":107,"column":13},"skip":true},"21":{"start":{"line":92,"column":16},"end":{"line":102,"column":17},"skip":true},"22":{"start":{"line":93,"column":20},"end":{"line":93,"column":86},"skip":true},"23":{"start":{"line":94,"column":20},"end":{"line":95,"column":45},"skip":true},"24":{"start":{"line":96,"column":20},"end":{"line":96,"column":42},"skip":true},"25":{"start":{"line":97,"column":20},"end":{"line":97,"column":48},"skip":true},"26":{"start":{"line":100,"column":20},"end":{"line":100,"column":85},"skip":true},"27":{"start":{"line":101,"column":20},"end":{"line":101,"column":96},"skip":true},"28":{"start":{"line":103,"column":16},"end":{"line":103,"column":22},"skip":true},"29":{"start":{"line":106,"column":16},"end":{"line":106,"column":22},"skip":true},"30":{"start":{"line":108,"column":12},"end":{"line":120,"column":13},"skip":true},"31":{"start":{"line":114,"column":16},"end":{"line":119,"column":17},"skip":true},"32":{"start":{"line":116,"column":20},"end":{"line":116,"column":78},"skip":true},"33":{"start":{"line":118,"column":20},"end":{"line":118,"column":47},"skip":true},"34":{"start":{"line":123,"column":8},"end":{"line":141,"column":11},"skip":true},"35":{"start":{"line":124,"column":12},"end":{"line":124,"column":54},"skip":true},"36":{"start":{"line":125,"column":12},"end":{"line":140,"column":14},"skip":true},"37":{"start":{"line":126,"column":16},"end":{"line":126,"column":28},"skip":true},"38":{"start":{"line":127,"column":16},"end":{"line":127,"column":69},"skip":true},"39":{"start":{"line":128,"column":16},"end":{"line":128,"column":75},"skip":true},"40":{"start":{"line":129,"column":16},"end":{"line":131,"column":17},"skip":true},"41":{"start":{"line":130,"column":20},"end":{"line":130,"column":27},"skip":true},"42":{"start":{"line":133,"column":16},"end":{"line":137,"column":36},"skip":true},"43":{"start":{"line":134,"column":20},"end":{"line":136,"column":55},"skip":true},"44":{"start":{"line":139,"column":16},"end":{"line":139,"column":57},"skip":true},"45":{"start":{"line":143,"column":8},"end":{"line":147,"column":11},"skip":true},"46":{"start":{"line":144,"column":12},"end":{"line":146,"column":15},"skip":true},"47":{"start":{"line":145,"column":16},"end":{"line":145,"column":70},"skip":true},"48":{"start":{"line":149,"column":8},"end":{"line":149,"column":31},"skip":true},"49":{"start":{"line":150,"column":8},"end":{"line":150,"column":14},"skip":true},"50":{"start":{"line":158,"column":8},"end":{"line":158,"column":31},"skip":true},"51":{"start":{"line":160,"column":8},"end":{"line":160,"column":33},"skip":true},"52":{"start":{"line":161,"column":8},"end":{"line":161,"column":37},"skip":true},"53":{"start":{"line":162,"column":8},"end":{"line":162,"column":35},"skip":true},"54":{"start":{"line":164,"column":8},"end":{"line":164,"column":50},"skip":true},"55":{"start":{"line":166,"column":8},"end":{"line":256,"column":2},"skip":true},"56":{"start":{"line":258,"column":8},"end":{"line":286,"column":9},"skip":true},"57":{"start":{"line":259,"column":12},"end":{"line":269,"column":14},"skip":true},"58":{"start":{"line":271,"column":12},"end":{"line":285,"column":19},"skip":true},"59":{"start":{"line":274,"column":20},"end":{"line":274,"column":35},"skip":true},"60":{"start":{"line":275,"column":20},"end":{"line":284,"column":21},"skip":true},"61":{"start":{"line":277,"column":24},"end":{"line":277,"column":64},"skip":true},"62":{"start":{"line":279,"column":24},"end":{"line":279,"column":40},"skip":true},"63":{"start":{"line":281,"column":24},"end":{"line":281,"column":40},"skip":true},"64":{"start":{"line":283,"column":24},"end":{"line":283,"column":39},"skip":true},"65":{"start":{"line":288,"column":8},"end":{"line":290,"column":9},"skip":true},"66":{"start":{"line":289,"column":12},"end":{"line":289,"column":18},"skip":true},"67":{"start":{"line":291,"column":8},"end":{"line":293,"column":54},"skip":true},"68":{"start":{"line":296,"column":8},"end":{"line":301,"column":37},"skip":true},"69":{"start":{"line":303,"column":8},"end":{"line":303,"column":82},"skip":true},"70":{"start":{"line":306,"column":8},"end":{"line":308,"column":9},"skip":true},"71":{"start":{"line":307,"column":12},"end":{"line":307,"column":82},"skip":true},"72":{"start":{"line":310,"column":8},"end":{"line":312,"column":9},"skip":true},"73":{"start":{"line":311,"column":12},"end":{"line":311,"column":18},"skip":true},"74":{"start":{"line":313,"column":8},"end":{"line":313,"column":54},"skip":true},"75":{"start":{"line":314,"column":8},"end":{"line":314,"column":69},"skip":true},"76":{"start":{"line":315,"column":8},"end":{"line":323,"column":36},"skip":true},"77":{"start":{"line":316,"column":12},"end":{"line":316,"column":61},"skip":true},"78":{"start":{"line":317,"column":12},"end":{"line":320,"column":13},"skip":true},"79":{"start":{"line":318,"column":16},"end":{"line":318,"column":75},"skip":true},"80":{"start":{"line":319,"column":16},"end":{"line":319,"column":23},"skip":true},"81":{"start":{"line":321,"column":12},"end":{"line":321,"column":38},"skip":true},"82":{"start":{"line":322,"column":12},"end":{"line":322,"column":27},"skip":true},"83":{"start":{"line":324,"column":8},"end":{"line":324,"column":14},"skip":true}},"branchMap":{"1":{"line":39,"type":"binary-expr","locations":[{"start":{"line":39,"column":23},"end":{"line":39,"column":62}},{"start":{"line":40,"column":20},"end":{"line":40,"column":70}},{"start":{"line":41,"column":20},"end":{"line":41,"column":71}},{"start":{"line":42,"column":20},"end":{"line":42,"column":29}}]},"2":{"line":44,"type":"binary-expr","locations":[{"start":{"line":44,"column":23},"end":{"line":44,"column":37}},{"start":{"line":45,"column":20},"end":{"line":45,"column":61}},{"start":{"line":46,"column":20},"end":{"line":46,"column":70}},{"start":{"line":47,"column":20},"end":{"line":47,"column":26}}]},"3":{"line":51,"type":"cond-expr","locations":[{"start":{"line":52,"column":14},"end":{"line":52,"column":20}},{"start":{"line":53,"column":14},"end":{"line":53,"column":20}}]},"4":{"line":55,"type":"binary-expr","locations":[{"start":{"line":55,"column":16},"end":{"line":55,"column":44}},{"start":{"line":55,"column":49},"end":{"line":57,"column":43}}]},"5":{"line":55,"type":"cond-expr","locations":[{"start":{"line":56,"column":14},"end":{"line":56,"column":52}},{"start":{"line":57,"column":14},"end":{"line":57,"column":43}}]},"6":{"line":61,"type":"switch","locations":[{"start":{"line":68,"column":4},"end":{"line":150,"column":14},"skip":true},{"start":{"line":156,"column":4},"end":{"line":324,"column":14},"skip":true}]},"7":{"line":70,"type":"if","locations":[{"start":{"line":70,"column":12},"end":{"line":70,"column":12},"skip":true},{"start":{"line":70,"column":12},"end":{"line":70,"column":12},"skip":true}]},"8":{"line":70,"type":"binary-expr","locations":[{"start":{"line":70,"column":16},"end":{"line":70,"column":22},"skip":true},{"start":{"line":70,"column":27},"end":{"line":70,"column":32},"skip":true},{"start":{"line":71,"column":20},"end":{"line":71,"column":39},"skip":true},{"start":{"line":72,"column":20},"end":{"line":72,"column":49},"skip":true},{"start":{"line":73,"column":20},"end":{"line":73,"column":58},"skip":true},{"start":{"line":74,"column":20},"end":{"line":74,"column":69},"skip":true}]},"9":{"line":79,"type":"switch","locations":[{"start":{"line":80,"column":20},"end":{"line":80,"column":33},"skip":true},{"start":{"line":81,"column":20},"end":{"line":83,"column":30},"skip":true},{"start":{"line":84,"column":20},"end":{"line":85,"column":49},"skip":true}]},"10":{"line":89,"type":"switch","locations":[{"start":{"line":90,"column":12},"end":{"line":103,"column":22},"skip":true},{"start":{"line":105,"column":12},"end":{"line":106,"column":22},"skip":true}]},"11":{"line":89,"type":"binary-expr","locations":[{"start":{"line":89,"column":20},"end":{"line":89,"column":25},"skip":true},{"start":{"line":89,"column":29},"end":{"line":89,"column":48},"skip":true},{"start":{"line":89,"column":52},"end":{"line":89,"column":74},"skip":true}]},"12":{"line":92,"type":"if","locations":[{"start":{"line":92,"column":16},"end":{"line":92,"column":16},"skip":true},{"start":{"line":92,"column":16},"end":{"line":92,"column":16},"skip":true}]},"13":{"line":108,"type":"if","locations":[{"start":{"line":108,"column":12},"end":{"line":108,"column":12},"skip":true},{"start":{"line":108,"column":12},"end":{"line":108,"column":12},"skip":true}]},"14":{"line":108,"type":"binary-expr","locations":[{"start":{"line":108,"column":16},"end":{"line":108,"column":61},"skip":true},{"start":{"line":108,"column":66},"end":{"line":108,"column":72},"skip":true},{"start":{"line":108,"column":77},"end":{"line":108,"column":82},"skip":true},{"start":{"line":109,"column":20},"end":{"line":109,"column":39},"skip":true},{"start":{"line":110,"column":20},"end":{"line":110,"column":49},"skip":true},{"start":{"line":111,"column":20},"end":{"line":111,"column":58},"skip":true},{"start":{"line":112,"column":20},"end":{"line":112,"column":68},"skip":true}]},"15":{"line":129,"type":"if","locations":[{"start":{"line":129,"column":16},"end":{"line":129,"column":16},"skip":true},{"start":{"line":129,"column":16},"end":{"line":129,"column":16},"skip":true}]},"16":{"line":134,"type":"cond-expr","locations":[{"start":{"line":135,"column":26},"end":{"line":135,"column":29},"skip":true},{"start":{"line":136,"column":26},"end":{"line":136,"column":54},"skip":true}]},"17":{"line":164,"type":"binary-expr","locations":[{"start":{"line":164,"column":27},"end":{"line":164,"column":43},"skip":true},{"start":{"line":164,"column":47},"end":{"line":164,"column":49},"skip":true}]},"18":{"line":258,"type":"if","locations":[{"start":{"line":258,"column":8},"end":{"line":258,"column":8},"skip":true},{"start":{"line":258,"column":8},"end":{"line":258,"column":8},"skip":true}]},"19":{"line":275,"type":"switch","locations":[{"start":{"line":276,"column":20},"end":{"line":277,"column":64},"skip":true},{"start":{"line":278,"column":20},"end":{"line":279,"column":40},"skip":true},{"start":{"line":280,"column":20},"end":{"line":281,"column":40},"skip":true},{"start":{"line":282,"column":20},"end":{"line":283,"column":39},"skip":true}]},"20":{"line":288,"type":"if","locations":[{"start":{"line":288,"column":8},"end":{"line":288,"column":8},"skip":true},{"start":{"line":288,"column":8},"end":{"line":288,"column":8},"skip":true}]},"21":{"line":288,"type":"binary-expr","locations":[{"start":{"line":288,"column":12},"end":{"line":288,"column":40},"skip":true},{"start":{"line":288,"column":44},"end":{"line":288,"column":67},"skip":true}]},"22":{"line":292,"type":"binary-expr","locations":[{"start":{"line":292,"column":12},"end":{"line":292,"column":50},"skip":true},{"start":{"line":293,"column":12},"end":{"line":293,"column":53},"skip":true}]},"23":{"line":297,"type":"binary-expr","locations":[{"start":{"line":297,"column":12},"end":{"line":297,"column":66},"skip":true},{"start":{"line":298,"column":12},"end":{"line":301,"column":36},"skip":true}]},"24":{"line":303,"type":"binary-expr","locations":[{"start":{"line":303,"column":43},"end":{"line":303,"column":75},"skip":true},{"start":{"line":303,"column":79},"end":{"line":303,"column":81},"skip":true}]},"25":{"line":306,"type":"if","locations":[{"start":{"line":306,"column":8},"end":{"line":306,"column":8},"skip":true},{"start":{"line":306,"column":8},"end":{"line":306,"column":8},"skip":true}]},"26":{"line":310,"type":"if","locations":[{"start":{"line":310,"column":8},"end":{"line":310,"column":8},"skip":true},{"start":{"line":310,"column":8},"end":{"line":310,"column":8},"skip":true}]},"27":{"line":313,"type":"binary-expr","locations":[{"start":{"line":313,"column":27},"end":{"line":313,"column":43},"skip":true},{"start":{"line":313,"column":47},"end":{"line":313,"column":53},"skip":true}]},"28":{"line":317,"type":"if","locations":[{"start":{"line":317,"column":12},"end":{"line":317,"column":12},"skip":true},{"start":{"line":317,"column":12},"end":{"line":317,"column":12},"skip":true}]}},"code":["/*","example.js","","quickstart example","","instruction","    1. save this script as example.js","    2. run the shell command:","        $ npm install npmtest-octonode && PORT=8081 node example.js","    3. play with the browser-demo on http://127.0.0.1:8081","*/","","","","/* istanbul instrument in package npmtest_octonode */","/*jslint","    bitwise: true,","    browser: true,","    maxerr: 8,","    maxlen: 96,","    node: true,","    nomen: true,","    regexp: true,","    stupid: true","*/","(function () {","    'use strict';","    var local;","","","","    // run shared js-env code - pre-init","    (function () {","        // init local","        local = {};","        // init modeJs","        local.modeJs = (function () {","            try {","                return typeof navigator.userAgent === 'string' &&","                    typeof document.querySelector('body') === 'object' &&","                    typeof XMLHttpRequest.prototype.open === 'function' &&","                    'browser';","            } catch (errorCaughtBrowser) {","                return module.exports &&","                    typeof process.versions.node === 'string' &&","                    typeof require('http').createServer === 'function' &&","                    'node';","            }","        }());","        // init global","        local.global = local.modeJs === 'browser'","            ? window","            : global;","        // init utility2_rollup","        local = local.global.utility2_rollup || (local.modeJs === 'browser'","            ? local.global.utility2_npmtest_octonode","            : global.utility2_moduleExports);","        // export local","        local.global.local = local;","    }());","    switch (local.modeJs) {","","","","    // post-init","    // run browser js-env code - post-init","    /* istanbul ignore next */","    case 'browser':","        local.testRunBrowser = function (event) {","            if (!event || (event &&","                    event.currentTarget &&","                    event.currentTarget.className &&","                    event.currentTarget.className.includes &&","                    event.currentTarget.className.includes('onreset'))) {","                // reset output","                Array.from(","                    document.querySelectorAll('body > .resettable')","                ).forEach(function (element) {","                    switch (element.tagName) {","                    case 'INPUT':","                    case 'TEXTAREA':","                        element.value = '';","                        break;","                    default:","                        element.textContent = '';","                    }","                });","            }","            switch (event && event.currentTarget && event.currentTarget.id) {","            case 'testRunButton1':","                // show tests","                if (document.querySelector('#testReportDiv1').style.display === 'none') {","                    document.querySelector('#testReportDiv1').style.display = 'block';","                    document.querySelector('#testRunButton1').textContent =","                        'hide internal test';","                    local.modeTest = true;","                    local.testRunDefault(local);","                // hide tests","                } else {","                    document.querySelector('#testReportDiv1').style.display = 'none';","                    document.querySelector('#testRunButton1').textContent = 'run internal test';","                }","                break;","            // custom-case","            default:","                break;","            }","            if (document.querySelector('#inputTextareaEval1') && (!event || (event &&","                    event.currentTarget &&","                    event.currentTarget.className &&","                    event.currentTarget.className.includes &&","                    event.currentTarget.className.includes('oneval')))) {","                // try to eval input-code","                try {","                    /*jslint evil: true*/","                    eval(document.querySelector('#inputTextareaEval1').value);","                } catch (errorCaught) {","                    console.error(errorCaught);","                }","            }","        };","        // log stderr and stdout to #outputTextareaStdout1","        ['error', 'log'].forEach(function (key) {","            console[key + '_original'] = console[key];","            console[key] = function () {","                var element;","                console[key + '_original'].apply(console, arguments);","                element = document.querySelector('#outputTextareaStdout1');","                if (!element) {","                    return;","                }","                // append text to #outputTextareaStdout1","                element.value += Array.from(arguments).map(function (arg) {","                    return typeof arg === 'string'","                        ? arg","                        : JSON.stringify(arg, null, 4);","                }).join(' ') + '\\n';","                // scroll textarea to bottom","                element.scrollTop = element.scrollHeight;","            };","        });","        // init event-handling","        ['change', 'click', 'keyup'].forEach(function (event) {","            Array.from(document.querySelectorAll('.on' + event)).forEach(function (element) {","                element.addEventListener(event, local.testRunBrowser);","            });","        });","        // run tests","        local.testRunBrowser();","        break;","","","","    // run node js-env code - post-init","    /* istanbul ignore next */","    case 'node':","        // export local","        module.exports = local;","        // require modules","        local.fs = require('fs');","        local.http = require('http');","        local.url = require('url');","        // init assets","        local.assetsDict = local.assetsDict || {};","        /* jslint-ignore-begin */","        local.assetsDict['/assets.index.template.html'] = '\\","<!doctype html>\\n\\","<html lang=\"en\">\\n\\","<head>\\n\\","<meta charset=\"UTF-8\">\\n\\","<meta name=\"viewport\" content=\"width=device-width, initial-scale=1\">\\n\\","<title>{{env.npm_package_name}} (v{{env.npm_package_version}})</title>\\n\\","<style>\\n\\","/*csslint\\n\\","    box-sizing: false,\\n\\","    universal-selector: false\\n\\","*/\\n\\","* {\\n\\","    box-sizing: border-box;\\n\\","}\\n\\","body {\\n\\","    background: #dde;\\n\\","    font-family: Arial, Helvetica, sans-serif;\\n\\","    margin: 2rem;\\n\\","}\\n\\","body > * {\\n\\","    margin-bottom: 1rem;\\n\\","}\\n\\",".utility2FooterDiv {\\n\\","    margin-top: 20px;\\n\\","    text-align: center;\\n\\","}\\n\\","</style>\\n\\","<style>\\n\\","/*csslint\\n\\","*/\\n\\","textarea {\\n\\","    font-family: monospace;\\n\\","    height: 10rem;\\n\\","    width: 100%;\\n\\","}\\n\\","textarea[readonly] {\\n\\","    background: #ddd;\\n\\","}\\n\\","</style>\\n\\","</head>\\n\\","<body>\\n\\","<!-- utility2-comment\\n\\","<div id=\"ajaxProgressDiv1\" style=\"background: #d00; height: 2px; left: 0; margin: 0; padding: 0; position: fixed; top: 0; transition: background 0.5s, width 1.5s; width: 25%;\"></div>\\n\\","utility2-comment -->\\n\\","<h1>\\n\\","<!-- utility2-comment\\n\\","    <a\\n\\","        {{#if env.npm_package_homepage}}\\n\\","        href=\"{{env.npm_package_homepage}}\"\\n\\","        {{/if env.npm_package_homepage}}\\n\\","        target=\"_blank\"\\n\\","    >\\n\\","utility2-comment -->\\n\\","        {{env.npm_package_name}} (v{{env.npm_package_version}})\\n\\","<!-- utility2-comment\\n\\","    </a>\\n\\","utility2-comment -->\\n\\","</h1>\\n\\","<h3>{{env.npm_package_description}}</h3>\\n\\","<!-- utility2-comment\\n\\","<h4><a download href=\"assets.app.js\">download standalone app</a></h4>\\n\\","<button class=\"onclick onreset\" id=\"testRunButton1\">run internal test</button><br>\\n\\","<div id=\"testReportDiv1\" style=\"display: none;\"></div>\\n\\","utility2-comment -->\\n\\","\\n\\","\\n\\","\\n\\","<label>stderr and stdout</label>\\n\\","<textarea class=\"resettable\" id=\"outputTextareaStdout1\" readonly></textarea>\\n\\","<!-- utility2-comment\\n\\","{{#if isRollup}}\\n\\","<script src=\"assets.app.js\"></script>\\n\\","{{#unless isRollup}}\\n\\","utility2-comment -->\\n\\","<script src=\"assets.utility2.rollup.js\"></script>\\n\\","<script src=\"jsonp.utility2._stateInit?callback=window.utility2._stateInit\"></script>\\n\\","<script src=\"assets.npmtest_octonode.rollup.js\"></script>\\n\\","<script src=\"assets.example.js\"></script>\\n\\","<script src=\"assets.test.js\"></script>\\n\\","<!-- utility2-comment\\n\\","{{/if isRollup}}\\n\\","utility2-comment -->\\n\\","<div class=\"utility2FooterDiv\">\\n\\","    [ this app was created with\\n\\","    <a href=\"https://github.com/kaizhu256/node-utility2\" target=\"_blank\">utility2</a>\\n\\","    ]\\n\\","</div>\\n\\","</body>\\n\\","</html>\\n\\","';","        /* jslint-ignore-end */","        if (local.templateRender) {","            local.assetsDict['/'] = local.templateRender(","                local.assetsDict['/assets.index.template.html'],","                {","                    env: local.objectSetDefault(local.env, {","                        npm_package_description: 'the greatest app in the world!',","                        npm_package_name: 'my-app',","                        npm_package_nameAlias: 'my_app',","                        npm_package_version: '0.0.1'","                    })","                }","            );","        } else {","            local.assetsDict['/'] = local.assetsDict['/assets.index.template.html']","                .replace((/\\{\\{env\\.(\\w+?)\\}\\}/g), function (match0, match1) {","                    // jslint-hack","                    String(match0);","                    switch (match1) {","                    case 'npm_package_description':","                        return 'the greatest app in the world!';","                    case 'npm_package_name':","                        return 'my-app';","                    case 'npm_package_nameAlias':","                        return 'my_app';","                    case 'npm_package_version':","                        return '0.0.1';","                    }","                });","        }","        // run the cli","        if (local.global.utility2_rollup || module !== require.main) {","            break;","        }","        local.assetsDict['/assets.example.js'] =","            local.assetsDict['/assets.example.js'] ||","            local.fs.readFileSync(__filename, 'utf8');","        // bug-workaround - long $npm_package_buildCustomOrg","        /* jslint-ignore-begin */","        local.assetsDict['/assets.npmtest_octonode.rollup.js'] =","            local.assetsDict['/assets.npmtest_octonode.rollup.js'] ||","            local.fs.readFileSync(","                local.npmtest_octonode.__dirname + '/lib.npmtest_octonode.js',","                'utf8'","            ).replace((/^#!/), '//');","        /* jslint-ignore-end */","        local.assetsDict['/favicon.ico'] = local.assetsDict['/favicon.ico'] || '';","        // if $npm_config_timeout_exit exists,","        // then exit this process after $npm_config_timeout_exit ms","        if (Number(process.env.npm_config_timeout_exit)) {","            setTimeout(process.exit, Number(process.env.npm_config_timeout_exit));","        }","        // start server","        if (local.global.utility2_serverHttp1) {","            break;","        }","        process.env.PORT = process.env.PORT || '8081';","        console.error('server starting on port ' + process.env.PORT);","        local.http.createServer(function (request, response) {","            request.urlParsed = local.url.parse(request.url);","            if (local.assetsDict[request.urlParsed.pathname] !== undefined) {","                response.end(local.assetsDict[request.urlParsed.pathname]);","                return;","            }","            response.statusCode = 404;","            response.end();","        }).listen(process.env.PORT);","        break;","    }","}());",""],"l":{"26":2,"28":2,"33":2,"35":2,"37":2,"38":2,"39":2,"44":1,"51":2,"55":2,"59":2,"61":2,"69":1,"70":2,"76":2,"79":2,"82":2,"83":2,"85":1,"89":2,"92":1,"93":1,"94":1,"96":1,"97":1,"100":1,"101":1,"103":1,"106":1,"108":2,"114":1,"116":1,"118":1,"123":1,"124":2,"125":2,"126":3,"127":3,"128":3,"129":3,"130":1,"133":3,"134":3,"139":3,"143":1,"144":3,"145":1,"149":1,"150":1,"158":1,"160":1,"161":1,"162":1,"164":1,"166":1,"258":1,"259":1,"271":1,"274":6,"275":6,"277":1,"279":2,"281":1,"283":2,"288":1,"289":1,"291":1,"296":1,"303":1,"306":1,"307":1,"310":1,"311":1,"313":1,"314":1,"315":1,"316":1,"317":1,"318":1,"319":1,"321":1,"322":1,"324":1}},"/home/travis/build/npmtest/node-npmtest-octonode/node_modules/octonode/lib/octonode.js":{"path":"/home/travis/build/npmtest/node-npmtest-octonode/node_modules/octonode/lib/octonode.js","s":{"1":1,"2":1,"3":1},"b":{},"f":{"1":1},"fnMap":{"1":{"name":"(anonymous_1)","line":2,"loc":{"start":{"line":2,"column":1},"end":{"line":2,"column":12}}}},"statementMap":{"1":{"start":{"line":2,"column":0},"end":{"line":23,"column":14}},"2":{"start":{"line":3,"column":2},"end":{"line":3,"column":15}},"3":{"start":{"line":5,"column":2},"end":{"line":21,"column":4}}},"branchMap":{},"code":["// Generated by CoffeeScript 1.12.5","(function() {","  var octonode;","","  octonode = module.exports = {","    auth: require('./octonode/auth'),","    client: require('./octonode/client'),","    user: require('./octonode/user'),","    repo: require('./octonode/repo'),","    org: require('./octonode/org'),","    pr: require('./octonode/pr'),","    team: require('./octonode/team'),","    release: require('./octonode/release'),","    gist: require('./octonode/gist'),","    search: require('./octonode/search'),","    issue: require('./octonode/issue'),","    project: require('./octonode/project'),","    milestone: require('./octonode/milestone'),","    label: require('./octonode/label'),","    me: require('./octonode/me')","  };","","}).call(this);",""],"l":{"2":1,"3":1,"5":1}},"/home/travis/build/npmtest/node-npmtest-octonode/node_modules/octonode/lib/octonode/auth.js":{"path":"/home/travis/build/npmtest/node-npmtest-octonode/node_modules/octonode/lib/octonode/auth.js","s":{"1":1,"2":1,"3":1,"4":1,"5":1,"6":1,"7":1,"8":0,"9":0,"10":0,"11":0,"12":0,"13":0,"14":0,"15":0,"16":0,"17":0,"18":0,"19":0,"20":0,"21":0,"22":0,"23":0,"24":0,"25":0,"26":0,"27":0,"28":0,"29":0,"30":0,"31":0,"32":0,"33":0,"34":0,"35":0,"36":0,"37":0,"38":0,"39":0,"40":0,"41":0,"42":0,"43":0,"44":0,"45":0,"46":0,"47":0,"48":0,"49":0,"50":0,"51":0,"52":0,"53":0,"54":0,"55":0,"56":0,"57":0,"58":0,"59":0,"60":0,"61":0,"62":0,"63":0,"64":0},"b":{"1":[0,0],"2":[0,0],"3":[0,0],"4":[0,0],"5":[0,0],"6":[0,0],"7":[0,0],"8":[0,0],"9":[0,0],"10":[0,0],"11":[0,0],"12":[0,0],"13":[0,0],"14":[0,0],"15":[0,0],"16":[0,0],"17":[0,0],"18":[0,0],"19":[0,0],"20":[0,0],"21":[0,0]},"f":{"1":1,"2":0,"3":0,"4":0,"5":0,"6":0,"7":0},"fnMap":{"1":{"name":"(anonymous_1)","line":2,"loc":{"start":{"line":2,"column":1},"end":{"line":2,"column":12}}},"2":{"name":"(anonymous_2)","line":18,"loc":{"start":{"line":18,"column":12},"end":{"line":18,"column":30}}},"3":{"name":"(anonymous_3)","line":32,"loc":{"start":{"line":32,"column":12},"end":{"line":32,"column":35}}},"4":{"name":"(anonymous_4)","line":43,"loc":{"start":{"line":43,"column":32},"end":{"line":43,"column":57}}},"5":{"name":"(anonymous_5)","line":54,"loc":{"start":{"line":54,"column":11},"end":{"line":54,"column":38}}},"6":{"name":"(anonymous_6)","line":77,"loc":{"start":{"line":77,"column":32},"end":{"line":77,"column":57}}},"7":{"name":"(anonymous_7)","line":117,"loc":{"start":{"line":117,"column":13},"end":{"line":117,"column":38}}}},"statementMap":{"1":{"start":{"line":2,"column":0},"end":{"line":138,"column":14}},"2":{"start":{"line":3,"column":2},"end":{"line":3,"column":43}},"3":{"start":{"line":5,"column":2},"end":{"line":5,"column":31}},"4":{"start":{"line":7,"column":2},"end":{"line":7,"column":23}},"5":{"start":{"line":9,"column":2},"end":{"line":9,"column":30}},"6":{"start":{"line":11,"column":2},"end":{"line":11,"column":41}},"7":{"start":{"line":13,"column":2},"end":{"line":136,"column":4}},"8":{"start":{"line":19,"column":6},"end":{"line":19,"column":22}},"9":{"start":{"line":20,"column":6},"end":{"line":26,"column":7}},"10":{"start":{"line":21,"column":8},"end":{"line":21,"column":35}},"11":{"start":{"line":22,"column":13},"end":{"line":26,"column":7}},"12":{"start":{"line":23,"column":8},"end":{"line":23,"column":35}},"13":{"start":{"line":25,"column":8},"end":{"line":25,"column":54}},"14":{"start":{"line":27,"column":6},"end":{"line":27,"column":29}},"15":{"start":{"line":28,"column":6},"end":{"line":28,"column":79}},"16":{"start":{"line":29,"column":6},"end":{"line":29,"column":77}},"17":{"start":{"line":30,"column":6},"end":{"line":30,"column":18}},"18":{"start":{"line":33,"column":6},"end":{"line":33,"column":18}},"19":{"start":{"line":34,"column":6},"end":{"line":52,"column":7}},"20":{"start":{"line":35,"column":8},"end":{"line":41,"column":10}},"21":{"start":{"line":42,"column":8},"end":{"line":42,"column":79}},"22":{"start":{"line":43,"column":8},"end":{"line":49,"column":11}},"23":{"start":{"line":44,"column":10},"end":{"line":48,"column":11}},"24":{"start":{"line":45,"column":12},"end":{"line":45,"column":72}},"25":{"start":{"line":47,"column":12},"end":{"line":47,"column":34}},"26":{"start":{"line":51,"column":8},"end":{"line":51,"column":78}},"27":{"start":{"line":55,"column":6},"end":{"line":55,"column":23}},"28":{"start":{"line":56,"column":6},"end":{"line":134,"column":7}},"29":{"start":{"line":57,"column":8},"end":{"line":63,"column":9}},"30":{"start":{"line":58,"column":10},"end":{"line":60,"column":13}},"31":{"start":{"line":62,"column":10},"end":{"line":62,"column":42}},"32":{"start":{"line":64,"column":8},"end":{"line":72,"column":10}},"33":{"start":{"line":73,"column":8},"end":{"line":73,"column":79}},"34":{"start":{"line":74,"column":8},"end":{"line":76,"column":9}},"35":{"start":{"line":75,"column":10},"end":{"line":75,"column":61}},"36":{"start":{"line":77,"column":8},"end":{"line":93,"column":11}},"37":{"start":{"line":78,"column":10},"end":{"line":92,"column":11}},"38":{"start":{"line":79,"column":12},"end":{"line":79,"column":33}},"39":{"start":{"line":81,"column":12},"end":{"line":86,"column":13}},"40":{"start":{"line":82,"column":14},"end":{"line":82,"column":38}},"41":{"start":{"line":84,"column":14},"end":{"line":84,"column":26}},"42":{"start":{"line":85,"column":14},"end":{"line":85,"column":58}},"43":{"start":{"line":87,"column":12},"end":{"line":91,"column":13}},"44":{"start":{"line":88,"column":14},"end":{"line":88,"column":57}},"45":{"start":{"line":90,"column":14},"end":{"line":90,"column":55}},"46":{"start":{"line":94,"column":13},"end":{"line":134,"column":7}},"47":{"start":{"line":95,"column":8},"end":{"line":131,"column":9}},"48":{"start":{"line":96,"column":10},"end":{"line":96,"column":63}},"49":{"start":{"line":97,"column":10},"end":{"line":97,"column":49}},"50":{"start":{"line":98,"column":10},"end":{"line":98,"column":55}},"51":{"start":{"line":99,"column":10},"end":{"line":99,"column":48}},"52":{"start":{"line":100,"column":10},"end":{"line":102,"column":11}},"53":{"start":{"line":101,"column":12},"end":{"line":101,"column":64}},"54":{"start":{"line":103,"column":10},"end":{"line":103,"column":21}},"55":{"start":{"line":105,"column":10},"end":{"line":130,"column":13}},"56":{"start":{"line":118,"column":12},"end":{"line":129,"column":13}},"57":{"start":{"line":119,"column":14},"end":{"line":119,"column":35}},"58":{"start":{"line":120,"column":19},"end":{"line":129,"column":13}},"59":{"start":{"line":121,"column":14},"end":{"line":121,"column":67}},"60":{"start":{"line":123,"column":14},"end":{"line":123,"column":36}},"61":{"start":{"line":124,"column":14},"end":{"line":128,"column":15}},"62":{"start":{"line":125,"column":16},"end":{"line":125,"column":55}},"63":{"start":{"line":127,"column":16},"end":{"line":127,"column":57}},"64":{"start":{"line":133,"column":8},"end":{"line":133,"column":62}}},"branchMap":{"1":{"line":20,"type":"if","locations":[{"start":{"line":20,"column":6},"end":{"line":20,"column":6}},{"start":{"line":20,"column":6},"end":{"line":20,"column":6}}]},"2":{"line":20,"type":"binary-expr","locations":[{"start":{"line":20,"column":10},"end":{"line":20,"column":26}},{"start":{"line":20,"column":30},"end":{"line":20,"column":46}}]},"3":{"line":22,"type":"if","locations":[{"start":{"line":22,"column":13},"end":{"line":22,"column":13}},{"start":{"line":22,"column":13},"end":{"line":22,"column":13}}]},"4":{"line":22,"type":"binary-expr","locations":[{"start":{"line":22,"column":17},"end":{"line":22,"column":27}},{"start":{"line":22,"column":31},"end":{"line":22,"column":45}}]},"5":{"line":28,"type":"binary-expr","locations":[{"start":{"line":28,"column":6},"end":{"line":28,"column":34}},{"start":{"line":28,"column":39},"end":{"line":28,"column":77}}]},"6":{"line":29,"type":"binary-expr","locations":[{"start":{"line":29,"column":6},"end":{"line":29,"column":35}},{"start":{"line":29,"column":40},"end":{"line":29,"column":75}}]},"7":{"line":34,"type":"if","locations":[{"start":{"line":34,"column":6},"end":{"line":34,"column":6}},{"start":{"line":34,"column":6},"end":{"line":34,"column":6}}]},"8":{"line":44,"type":"if","locations":[{"start":{"line":44,"column":10},"end":{"line":44,"column":10}},{"start":{"line":44,"column":10},"end":{"line":44,"column":10}}]},"9":{"line":44,"type":"binary-expr","locations":[{"start":{"line":44,"column":15},"end":{"line":44,"column":26}},{"start":{"line":44,"column":31},"end":{"line":44,"column":53}}]},"10":{"line":45,"type":"binary-expr","locations":[{"start":{"line":45,"column":28},"end":{"line":45,"column":31}},{"start":{"line":45,"column":35},"end":{"line":45,"column":70}}]},"11":{"line":56,"type":"if","locations":[{"start":{"line":56,"column":6},"end":{"line":56,"column":6}},{"start":{"line":56,"column":6},"end":{"line":56,"column":6}}]},"12":{"line":57,"type":"if","locations":[{"start":{"line":57,"column":8},"end":{"line":57,"column":8}},{"start":{"line":57,"column":8},"end":{"line":57,"column":8}}]},"13":{"line":74,"type":"if","locations":[{"start":{"line":74,"column":8},"end":{"line":74,"column":8}},{"start":{"line":74,"column":8},"end":{"line":74,"column":8}}]},"14":{"line":78,"type":"if","locations":[{"start":{"line":78,"column":10},"end":{"line":78,"column":10}},{"start":{"line":78,"column":10},"end":{"line":78,"column":10}}]},"15":{"line":87,"type":"if","locations":[{"start":{"line":87,"column":12},"end":{"line":87,"column":12}},{"start":{"line":87,"column":12},"end":{"line":87,"column":12}}]},"16":{"line":94,"type":"if","locations":[{"start":{"line":94,"column":13},"end":{"line":94,"column":13}},{"start":{"line":94,"column":13},"end":{"line":94,"column":13}}]},"17":{"line":95,"type":"if","locations":[{"start":{"line":95,"column":8},"end":{"line":95,"column":8}},{"start":{"line":95,"column":8},"end":{"line":95,"column":8}}]},"18":{"line":100,"type":"if","locations":[{"start":{"line":100,"column":10},"end":{"line":100,"column":10}},{"start":{"line":100,"column":10},"end":{"line":100,"column":10}}]},"19":{"line":118,"type":"if","locations":[{"start":{"line":118,"column":12},"end":{"line":118,"column":12}},{"start":{"line":118,"column":12},"end":{"line":118,"column":12}}]},"20":{"line":120,"type":"if","locations":[{"start":{"line":120,"column":19},"end":{"line":120,"column":19}},{"start":{"line":120,"column":19},"end":{"line":120,"column":19}}]},"21":{"line":124,"type":"if","locations":[{"start":{"line":124,"column":14},"end":{"line":124,"column":14}},{"start":{"line":124,"column":14},"end":{"line":124,"column":14}}]}},"code":["// Generated by CoffeeScript 1.12.5","(function() {","  var auth, qs, randomstring, request, url;","","  request = require('request');","","  url = require('url');","","  qs = require('querystring');","","  randomstring = require('randomstring');","","  auth = module.exports = {","    modes: {","      cli: 0,","      web: 1","    },","    config: function(options) {","      var base, base1;","      if (options.username && options.password) {","        this.mode = this.modes.cli;","      } else if (options.id && options.secret) {","        this.mode = this.modes.web;","      } else {","        throw new Error('No working mode recognized');","      }","      this.options = options;","      (base = this.options).apiUrl || (base.apiUrl = \"https://api.github.com\");","      (base1 = this.options).webUrl || (base1.webUrl = \"https://github.com\");","      return this;","    },","    revoke: function(id, callback) {","      var options;","      if (this.mode === this.modes.cli) {","        options = {","          url: url.parse(this.options.apiUrl + \"/authorizations/\" + id),","          method: 'DELETE',","          headers: {","            'User-Agent': 'octonode/0.3 (https://github.com/pksunkara/octonode) terminal/0.0'","          }","        };","        options.url.auth = this.options.username + \":\" + this.options.password;","        return request(options, function(err, res, body) {","          if ((err != null) || res.statusCode !== 204) {","            return callback(err || new Error(JSON.parse(body).message));","          } else {","            return callback(null);","          }","        });","      } else {","        return callback(new Error('Cannot revoke authorization in web mode'));","      }","    },","    login: function(scopes, callback) {","      var options, uri;","      if (this.mode === this.modes.cli) {","        if (scopes instanceof Array) {","          scopes = JSON.stringify({","            scopes: scopes","          });","        } else {","          scopes = JSON.stringify(scopes);","        }","        options = {","          url: url.parse(this.options.apiUrl + \"/authorizations\"),","          method: 'POST',","          body: scopes,","          headers: {","            'Content-Type': 'application/json',","            'User-Agent': 'octonode/0.3 (https://github.com/pksunkara/octonode) terminal/0.0'","          }","        };","        options.url.auth = this.options.username + \":\" + this.options.password;","        if (this.options.otp) {","          options.headers['X-GitHub-OTP'] = this.options.otp;","        }","        return request(options, function(err, res, body) {","          if (err != null) {","            return callback(err);","          } else {","            try {","              body = JSON.parse(body);","            } catch (error) {","              err = error;","              callback(new Error('Unable to parse body'));","            }","            if (res.statusCode === 201) {","              return callback(null, body.id, body.token);","            } else {","              return callback(new Error(body.message));","            }","          }","        });","      } else if (this.mode === this.modes.web) {","        if (scopes instanceof Array) {","          uri = this.options.webUrl + \"/login/oauth/authorize\";","          uri += \"?client_id=\" + this.options.id;","          uri += \"&state=\" + (randomstring.generate());","          uri += \"&scope=\" + (scopes.join(','));","          if (this.options.redirect_uri) {","            uri += \"&redirect_uri=\" + this.options.redirect_uri;","          }","          return uri;","        } else {","          return request({","            url: this.options.webUrl + \"/login/oauth/access_token\",","            method: 'POST',","            body: qs.stringify({","              code: scopes,","              client_id: this.options.id,","              client_secret: this.options.secret","            }),","            headers: {","              'Content-Type': 'application/x-www-form-urlencoded',","              'User-Agent': 'octonode/0.3 (https://github.com/pksunkara/octonode) terminal/0.0'","            }","          }, function(err, res, body) {","            if (err != null) {","              return callback(err);","            } else if (res.statusCode === 404) {","              return callback(new Error('Access token not found'));","            } else {","              body = qs.parse(body);","              if (body.error) {","                return callback(new Error(body.error));","              } else {","                return callback(null, body.access_token);","              }","            }","          });","        }","      } else {","        return callback(new Error('No working mode defined'));","      }","    }","  };","","}).call(this);",""],"l":{"2":1,"3":1,"5":1,"7":1,"9":1,"11":1,"13":1,"19":0,"20":0,"21":0,"22":0,"23":0,"25":0,"27":0,"28":0,"29":0,"30":0,"33":0,"34":0,"35":0,"42":0,"43":0,"44":0,"45":0,"47":0,"51":0,"55":0,"56":0,"57":0,"58":0,"62":0,"64":0,"73":0,"74":0,"75":0,"77":0,"78":0,"79":0,"81":0,"82":0,"84":0,"85":0,"87":0,"88":0,"90":0,"94":0,"95":0,"96":0,"97":0,"98":0,"99":0,"100":0,"101":0,"103":0,"105":0,"118":0,"119":0,"120":0,"121":0,"123":0,"124":0,"125":0,"127":0,"133":0}},"/home/travis/build/npmtest/node-npmtest-octonode/node_modules/octonode/lib/octonode/client.js":{"path":"/home/travis/build/npmtest/node-npmtest-octonode/node_modules/octonode/lib/octonode/client.js","s":{"1":1,"2":1,"3":1,"4":2,"5":2,"6":1,"7":1,"8":1,"9":1,"10":1,"11":1,"12":0,"13":0,"14":1,"15":1,"16":1,"17":1,"18":1,"19":1,"20":1,"21":1,"22":1,"23":1,"24":1,"25":1,"26":1,"27":1,"28":1,"29":1,"30":1,"31":1,"32":1,"33":0,"34":0,"35":0,"36":0,"37":1,"38":1,"39":1,"40":0,"41":0,"42":0,"43":0,"44":0,"45":0,"46":0,"47":0,"48":1,"49":0,"50":1,"51":0,"52":1,"53":0,"54":1,"55":0,"56":1,"57":0,"58":1,"59":0,"60":1,"61":0,"62":1,"63":0,"64":1,"65":0,"66":1,"67":0,"68":1,"69":0,"70":1,"71":0,"72":1,"73":0,"74":1,"75":0,"76":1,"77":0,"78":1,"79":0,"80":0,"81":0,"82":0,"83":0,"84":0,"85":0,"86":0,"87":0,"88":0,"89":0,"90":0,"91":0,"92":0,"93":0,"94":0,"95":0,"96":0,"97":0,"98":0,"99":0,"100":0,"101":0,"102":0,"103":0,"104":0,"105":0,"106":0,"107":0,"108":0,"109":0,"110":0,"111":0,"112":1,"113":0,"114":0,"115":0,"116":0,"117":0,"118":0,"119":0,"120":0,"121":0,"122":0,"123":0,"124":1,"125":0,"126":0,"127":0,"128":0,"129":0,"130":0,"131":0,"132":1,"133":0,"134":0,"135":0,"136":0,"137":0,"138":0,"139":0,"140":1,"141":0,"142":0,"143":0,"144":0,"145":0,"146":0,"147":0,"148":1,"149":0,"150":0,"151":0,"152":0,"153":0,"154":0,"155":0,"156":0,"157":0,"158":0,"159":0,"160":0,"161":0,"162":1,"163":0,"164":0,"165":0,"166":0,"167":0,"168":1,"169":0,"170":0,"171":0,"172":0,"173":0,"174":0,"175":0,"176":0,"177":1,"178":0,"179":0,"180":0,"181":0,"182":0,"183":1,"184":0,"185":0,"186":0,"187":0,"188":0,"189":0,"190":1,"191":1,"192":0,"193":0,"194":0,"195":0,"196":0,"197":0},"b":{"1":[2,0],"2":[0,0,0],"3":[0,0],"4":[0,0],"5":[0,0],"6":[0,0],"7":[0,0],"8":[0,0],"9":[0,0],"10":[0,0],"11":[0,0],"12":[0,0],"13":[0,0],"14":[0,0],"15":[0,0],"16":[0,0,0],"17":[0,0],"18":[0,0],"19":[0,0,0,0],"20":[0,0],"21":[0,0],"22":[0,0,0],"23":[0,0,0,0],"24":[0,0,0],"25":[0,0],"26":[0,0],"27":[0,0],"28":[0,0],"29":[0,0],"30":[0,0,0,0,0,0,0],"31":[0,0],"32":[0,0],"33":[0,0],"34":[0,0],"35":[0,0],"36":[0,0],"37":[0,0],"38":[0,0],"39":[0,0],"40":[0,0],"41":[0,0],"42":[0,0],"43":[0,0],"44":[0,0],"45":[0,0],"46":[0,0],"47":[0,0],"48":[0,0],"49":[0,0]},"f":{"1":1,"2":1,"3":1,"4":0,"5":0,"6":1,"7":0,"8":1,"9":0,"10":0,"11":0,"12":0,"13":0,"14":0,"15":0,"16":0,"17":0,"18":0,"19":0,"20":0,"21":0,"22":0,"23":0,"24":0,"25":0,"26":0,"27":0,"28":0,"29":0,"30":0,"31":0,"32":0,"33":0,"34":0,"35":0,"36":0,"37":0,"38":0,"39":0,"40":0,"41":0,"42":0,"43":0,"44":0,"45":0,"46":0,"47":0,"48":0,"49":0,"50":0,"51":0,"52":0},"fnMap":{"1":{"name":"(anonymous_1)","line":2,"loc":{"start":{"line":2,"column":1},"end":{"line":2,"column":12}}},"2":{"name":"(anonymous_2)","line":4,"loc":{"start":{"line":4,"column":14},"end":{"line":4,"column":38}}},"3":{"name":"ctor","line":4,"loc":{"start":{"line":4,"column":125},"end":{"line":4,"column":141}}},"4":{"name":"(anonymous_4)","line":6,"loc":{"start":{"line":6,"column":11},"end":{"line":6,"column":27}}},"5":{"name":"(anonymous_5)","line":6,"loc":{"start":{"line":6,"column":36},"end":{"line":6,"column":46}}},"6":{"name":"(anonymous_6)","line":41,"loc":{"start":{"line":41,"column":15},"end":{"line":41,"column":36}}},"7":{"name":"HttpError","line":44,"loc":{"start":{"line":44,"column":4},"end":{"line":44,"column":60}}},"8":{"name":"(anonymous_8)","line":55,"loc":{"start":{"line":55,"column":12},"end":{"line":55,"column":23}}},"9":{"name":"Client","line":56,"loc":{"start":{"line":56,"column":4},"end":{"line":56,"column":38}}},"10":{"name":"(anonymous_10)","line":72,"loc":{"start":{"line":72,"column":26},"end":{"line":72,"column":37}}},"11":{"name":"(anonymous_11)","line":76,"loc":{"start":{"line":76,"column":28},"end":{"line":76,"column":43}}},"12":{"name":"(anonymous_12)","line":80,"loc":{"start":{"line":80,"column":28},"end":{"line":80,"column":43}}},"13":{"name":"(anonymous_13)","line":84,"loc":{"start":{"line":84,"column":27},"end":{"line":84,"column":42}}},"14":{"name":"(anonymous_14)","line":88,"loc":{"start":{"line":88,"column":28},"end":{"line":88,"column":39}}},"15":{"name":"(anonymous_15)","line":92,"loc":{"start":{"line":92,"column":28},"end":{"line":92,"column":41}}},"16":{"name":"(anonymous_16)","line":96,"loc":{"start":{"line":96,"column":26},"end":{"line":96,"column":49}}},"17":{"name":"(anonymous_17)","line":100,"loc":{"start":{"line":100,"column":31},"end":{"line":100,"column":54}}},"18":{"name":"(anonymous_18)","line":104,"loc":{"start":{"line":104,"column":30},"end":{"line":104,"column":41}}},"19":{"name":"(anonymous_19)","line":108,"loc":{"start":{"line":108,"column":29},"end":{"line":108,"column":52}}},"20":{"name":"(anonymous_20)","line":112,"loc":{"start":{"line":112,"column":31},"end":{"line":112,"column":54}}},"21":{"name":"(anonymous_21)","line":116,"loc":{"start":{"line":116,"column":33},"end":{"line":116,"column":56}}},"22":{"name":"(anonymous_22)","line":120,"loc":{"start":{"line":120,"column":29},"end":{"line":120,"column":50}}},"23":{"name":"(anonymous_23)","line":124,"loc":{"start":{"line":124,"column":36},"end":{"line":124,"column":49}}},"24":{"name":"(anonymous_24)","line":128,"loc":{"start":{"line":128,"column":38},"end":{"line":128,"column":65}}},"25":{"name":"(anonymous_25)","line":132,"loc":{"start":{"line":132,"column":32},"end":{"line":132,"column":77}}},"26":{"name":"(anonymous_26)","line":190,"loc":{"start":{"line":190,"column":35},"end":{"line":190,"column":65}}},"27":{"name":"(anonymous_27)","line":209,"loc":{"start":{"line":209,"column":27},"end":{"line":209,"column":38}}},"28":{"name":"(anonymous_28)","line":215,"loc":{"start":{"line":215,"column":11},"end":{"line":215,"column":27}}},"29":{"name":"(anonymous_29)","line":216,"loc":{"start":{"line":216,"column":15},"end":{"line":216,"column":40}}},"30":{"name":"(anonymous_30)","line":225,"loc":{"start":{"line":225,"column":35},"end":{"line":225,"column":46}}},"31":{"name":"(anonymous_31)","line":232,"loc":{"start":{"line":232,"column":11},"end":{"line":232,"column":27}}},"32":{"name":"(anonymous_32)","line":233,"loc":{"start":{"line":233,"column":15},"end":{"line":233,"column":40}}},"33":{"name":"(anonymous_33)","line":242,"loc":{"start":{"line":242,"column":34},"end":{"line":242,"column":45}}},"34":{"name":"(anonymous_34)","line":248,"loc":{"start":{"line":248,"column":20},"end":{"line":248,"column":36}}},"35":{"name":"(anonymous_35)","line":249,"loc":{"start":{"line":249,"column":15},"end":{"line":249,"column":40}}},"36":{"name":"(anonymous_36)","line":258,"loc":{"start":{"line":258,"column":28},"end":{"line":258,"column":71}}},"37":{"name":"(anonymous_37)","line":275,"loc":{"start":{"line":275,"column":35},"end":{"line":275,"column":51}}},"38":{"name":"(anonymous_38)","line":276,"loc":{"start":{"line":276,"column":15},"end":{"line":276,"column":40}}},"39":{"name":"(anonymous_39)","line":285,"loc":{"start":{"line":285,"column":29},"end":{"line":285,"column":63}}},"40":{"name":"(anonymous_40)","line":293,"loc":{"start":{"line":293,"column":11},"end":{"line":293,"column":27}}},"41":{"name":"(anonymous_41)","line":294,"loc":{"start":{"line":294,"column":15},"end":{"line":294,"column":40}}},"42":{"name":"(anonymous_42)","line":303,"loc":{"start":{"line":303,"column":27},"end":{"line":303,"column":70}}},"43":{"name":"(anonymous_43)","line":315,"loc":{"start":{"line":315,"column":11},"end":{"line":315,"column":27}}},"44":{"name":"(anonymous_44)","line":316,"loc":{"start":{"line":316,"column":15},"end":{"line":316,"column":40}}},"45":{"name":"(anonymous_45)","line":325,"loc":{"start":{"line":325,"column":27},"end":{"line":325,"column":61}}},"46":{"name":"(anonymous_46)","line":333,"loc":{"start":{"line":333,"column":11},"end":{"line":333,"column":27}}},"47":{"name":"(anonymous_47)","line":334,"loc":{"start":{"line":334,"column":15},"end":{"line":334,"column":40}}},"48":{"name":"(anonymous_48)","line":343,"loc":{"start":{"line":343,"column":29},"end":{"line":343,"column":48}}},"49":{"name":"(anonymous_49)","line":344,"loc":{"start":{"line":344,"column":37},"end":{"line":344,"column":57}}},"50":{"name":"(anonymous_50)","line":360,"loc":{"start":{"line":360,"column":19},"end":{"line":360,"column":30}}},"51":{"name":"(anonymous_51)","line":363,"loc":{"start":{"line":363,"column":12},"end":{"line":363,"column":39}}},"52":{"name":"(anonymous_52)","line":367,"loc":{"start":{"line":367,"column":56},"end":{"line":367,"column":66}}}},"statementMap":{"1":{"start":{"line":2,"column":0},"end":{"line":370,"column":14}},"2":{"start":{"line":3,"column":2},"end":{"line":7,"column":21}},"3":{"start":{"line":4,"column":40},"end":{"line":4,"column":124}},"4":{"start":{"line":4,"column":66},"end":{"line":4,"column":122}},"5":{"start":{"line":4,"column":97},"end":{"line":4,"column":122}},"6":{"start":{"line":4,"column":125},"end":{"line":4,"column":170}},"7":{"start":{"line":4,"column":143},"end":{"line":4,"column":168}},"8":{"start":{"line":4,"column":171},"end":{"line":4,"column":205}},"9":{"start":{"line":4,"column":206},"end":{"line":4,"column":235}},"10":{"start":{"line":4,"column":236},"end":{"line":4,"column":271}},"11":{"start":{"line":4,"column":272},"end":{"line":4,"column":285}},"12":{"start":{"line":6,"column":29},"end":{"line":6,"column":82}},"13":{"start":{"line":6,"column":48},"end":{"line":6,"column":79}},"14":{"start":{"line":9,"column":2},"end":{"line":9,"column":31}},"15":{"start":{"line":11,"column":2},"end":{"line":11,"column":23}},"16":{"start":{"line":13,"column":2},"end":{"line":13,"column":23}},"17":{"start":{"line":15,"column":2},"end":{"line":15,"column":27}},"18":{"start":{"line":17,"column":2},"end":{"line":17,"column":27}},"19":{"start":{"line":19,"column":2},"end":{"line":19,"column":25}},"20":{"start":{"line":21,"column":2},"end":{"line":21,"column":27}},"21":{"start":{"line":23,"column":2},"end":{"line":23,"column":27}},"22":{"start":{"line":25,"column":2},"end":{"line":25,"column":23}},"23":{"start":{"line":27,"column":2},"end":{"line":27,"column":33}},"24":{"start":{"line":29,"column":2},"end":{"line":29,"column":29}},"25":{"start":{"line":31,"column":2},"end":{"line":31,"column":37}},"26":{"start":{"line":33,"column":2},"end":{"line":33,"column":29}},"27":{"start":{"line":35,"column":2},"end":{"line":35,"column":43}},"28":{"start":{"line":37,"column":2},"end":{"line":37,"column":34}},"29":{"start":{"line":39,"column":2},"end":{"line":39,"column":31}},"30":{"start":{"line":41,"column":2},"end":{"line":53,"column":12}},"31":{"start":{"line":42,"column":4},"end":{"line":42,"column":35}},"32":{"start":{"line":44,"column":4},"end":{"line":49,"column":5}},"33":{"start":{"line":45,"column":6},"end":{"line":45,"column":29}},"34":{"start":{"line":46,"column":6},"end":{"line":46,"column":35}},"35":{"start":{"line":47,"column":6},"end":{"line":47,"column":29}},"36":{"start":{"line":48,"column":6},"end":{"line":48,"column":24}},"37":{"start":{"line":51,"column":4},"end":{"line":51,"column":21}},"38":{"start":{"line":55,"column":2},"end":{"line":358,"column":7}},"39":{"start":{"line":56,"column":4},"end":{"line":70,"column":5}},"40":{"start":{"line":57,"column":6},"end":{"line":57,"column":26}},"41":{"start":{"line":58,"column":6},"end":{"line":58,"column":30}},"42":{"start":{"line":59,"column":6},"end":{"line":59,"column":42}},"43":{"start":{"line":60,"column":6},"end":{"line":60,"column":60}},"44":{"start":{"line":61,"column":6},"end":{"line":61,"column":69}},"45":{"start":{"line":62,"column":6},"end":{"line":66,"column":8}},"46":{"start":{"line":67,"column":6},"end":{"line":69,"column":7}},"47":{"start":{"line":68,"column":8},"end":{"line":68,"column":75}},"48":{"start":{"line":72,"column":4},"end":{"line":74,"column":6}},"49":{"start":{"line":73,"column":6},"end":{"line":73,"column":26}},"50":{"start":{"line":76,"column":4},"end":{"line":78,"column":6}},"51":{"start":{"line":77,"column":6},"end":{"line":77,"column":34}},"52":{"start":{"line":80,"column":4},"end":{"line":82,"column":6}},"53":{"start":{"line":81,"column":6},"end":{"line":81,"column":34}},"54":{"start":{"line":84,"column":4},"end":{"line":86,"column":6}},"55":{"start":{"line":85,"column":6},"end":{"line":85,"column":33}},"56":{"start":{"line":88,"column":4},"end":{"line":90,"column":6}},"57":{"start":{"line":89,"column":6},"end":{"line":89,"column":28}},"58":{"start":{"line":92,"column":4},"end":{"line":94,"column":6}},"59":{"start":{"line":93,"column":6},"end":{"line":93,"column":32}},"60":{"start":{"line":96,"column":4},"end":{"line":98,"column":6}},"61":{"start":{"line":97,"column":6},"end":{"line":97,"column":40}},"62":{"start":{"line":100,"column":4},"end":{"line":102,"column":6}},"63":{"start":{"line":101,"column":6},"end":{"line":101,"column":45}},"64":{"start":{"line":104,"column":4},"end":{"line":106,"column":6}},"65":{"start":{"line":105,"column":6},"end":{"line":105,"column":30}},"66":{"start":{"line":108,"column":4},"end":{"line":110,"column":6}},"67":{"start":{"line":109,"column":6},"end":{"line":109,"column":43}},"68":{"start":{"line":112,"column":4},"end":{"line":114,"column":6}},"69":{"start":{"line":113,"column":6},"end":{"line":113,"column":45}},"70":{"start":{"line":116,"column":4},"end":{"line":118,"column":6}},"71":{"start":{"line":117,"column":6},"end":{"line":117,"column":47}},"72":{"start":{"line":120,"column":4},"end":{"line":122,"column":6}},"73":{"start":{"line":121,"column":6},"end":{"line":121,"column":41}},"74":{"start":{"line":124,"column":4},"end":{"line":126,"column":6}},"75":{"start":{"line":125,"column":6},"end":{"line":125,"column":40}},"76
[...]
"start":{"line":8,"column":6},"end":{"line":8,"column":27}},"7":{"start":{"line":11,"column":4},"end":{"line":22,"column":6}},"8":{"start":{"line":12,"column":6},"end":{"line":21,"column":9}},"9":{"start":{"line":13,"column":8},"end":{"line":15,"column":9}},"10":{"start":{"line":14,"column":10},"end":{"line":14,"column":25}},"11":{"start":{"line":16,"column":8},"end":{"line":20,"column":9}},"12":{"start":{"line":17,"column":10},"end":{"line":17,"column":66}},"13":{"start":{"line":19,"column":10},"end":{"line":19,"column":32}},"14":{"start":{"line":24,"column":4},"end":{"line":35,"column":6}},"15":{"start":{"line":25,"column":6},"end":{"line":34,"column":9}},"16":{"start":{"line":26,"column":8},"end":{"line":28,"column":9}},"17":{"start":{"line":27,"column":10},"end":{"line":27,"column":25}},"18":{"start":{"line":29,"column":8},"end":{"line":33,"column":9}},"19":{"start":{"line":30,"column":10},"end":{"line":30,"column":50}},"20":{"start":{"line":32,"column":10},"end":{"line":32,"column":32}},"21":{"start":{"line":37,"column":4},"end":{"line":53,"column":6}},"22":{"start":{"line":38,"column":6},"end":{"line":38,"column":18}},"23":{"start":{"line":39,"column":6},"end":{"line":42,"column":8}},"24":{"start":{"line":43,"column":6},"end":{"line":52,"column":9}},"25":{"start":{"line":44,"column":8},"end":{"line":46,"column":9}},"26":{"start":{"line":45,"column":10},"end":{"line":45,"column":25}},"27":{"start":{"line":47,"column":8},"end":{"line":51,"column":9}},"28":{"start":{"line":48,"column":10},"end":{"line":48,"column":52}},"29":{"start":{"line":50,"column":10},"end":{"line":50,"column":32}},"30":{"start":{"line":55,"column":4},"end":{"line":71,"column":6}},"31":{"start":{"line":56,"column":6},"end":{"line":56,"column":18}},"32":{"start":{"line":57,"column":6},"end":{"line":60,"column":8}},"33":{"start":{"line":61,"column":6},"end":{"line":70,"column":9}},"34":{"start":{"line":62,"column":8},"end":{"line":64,"column":9}},"35":{"start":{"line":63,"column":10},"end":{"line":63,"column":25}},"36":{"start":{"line":65,"column":8},"end":{"line":69,"column":9}},"37":{"start":{"line":66,"column":10},"end":{"line":66,"column":52}},"38":{"start":{"line":68,"column":10},"end":{"line":68,"column":32}},"39":{"start":{"line":73,"column":4},"end":{"line":73,"column":24}},"40":{"start":{"line":77,"column":2},"end":{"line":77,"column":32}}},"branchMap":{"1":{"line":13,"type":"if","locations":[{"start":{"line":13,"column":8},"end":{"line":13,"column":8}},{"start":{"line":13,"column":8},"end":{"line":13,"column":8}}]},"2":{"line":16,"type":"if","locations":[{"start":{"line":16,"column":8},"end":{"line":16,"column":8}},{"start":{"line":16,"column":8},"end":{"line":16,"column":8}}]},"3":{"line":26,"type":"if","locations":[{"start":{"line":26,"column":8},"end":{"line":26,"column":8}},{"start":{"line":26,"column":8},"end":{"line":26,"column":8}}]},"4":{"line":29,"type":"if","locations":[{"start":{"line":29,"column":8},"end":{"line":29,"column":8}},{"start":{"line":29,"column":8},"end":{"line":29,"column":8}}]},"5":{"line":44,"type":"if","locations":[{"start":{"line":44,"column":8},"end":{"line":44,"column":8}},{"start":{"line":44,"column":8},"end":{"line":44,"column":8}}]},"6":{"line":47,"type":"if","locations":[{"start":{"line":47,"column":8},"end":{"line":47,"column":8}},{"start":{"line":47,"column":8},"end":{"line":47,"column":8}}]},"7":{"line":62,"type":"if","locations":[{"start":{"line":62,"column":8},"end":{"line":62,"column":8}},{"start":{"line":62,"column":8},"end":{"line":62,"column":8}}]},"8":{"line":65,"type":"if","locations":[{"start":{"line":65,"column":8},"end":{"line":65,"column":8}},{"start":{"line":65,"column":8},"end":{"line":65,"column":8}}]}},"code":["// Generated by CoffeeScript 1.12.5","(function() {","  var Notification;","","  Notification = (function() {","    function Notification(id, client) {","      this.id = id;","      this.client = client;","    }","","    Notification.prototype.markAsRead = function(cb) {","      return this.client.post(\"/notifications/threads/\" + this.id, {}, function(err, s, b, h) {","        if (err) {","          return cb(err);","        }","        if (s !== 205) {","          return cb(new Error('Notification mark as read error'));","        } else {","          return cb(null, b, h);","        }","      });","    };","","    Notification.prototype.unsubscribe = function(cb) {","      return this.client.del(\"/notifications/threads/\" + this.id + \"/subscription\", {}, function(err, s, b, h) {","        if (err) {","          return cb(err);","        }","        if (s !== 204) {","          return cb(new Error('User mute error'));","        } else {","          return cb(null, b, h);","        }","      });","    };","","    Notification.prototype.subscribe = function(cb) {","      var options;","      options = {","        subscribed: true,","        ignored: false","      };","      return this.client.put(\"/notifications/threads/\" + this.id + \"/subscription\", options, function(err, s, b, h) {","        if (err) {","          return cb(err);","        }","        if (s !== 200) {","          return cb(new Error('User unmute error'));","        } else {","          return cb(null, b, h);","        }","      });","    };","","    Notification.prototype.mute = function(cb) {","      var options;","      options = {","        subscribed: false,","        ignored: true","      };","      return this.client.put(\"/notifications/threads/\" + this.id + \"/subscription\", options, function(err, s, b, h) {","        if (err) {","          return cb(err);","        }","        if (s !== 200) {","          return cb(new Error('User ignore error'));","        } else {","          return cb(null, b, h);","        }","      });","    };","","    return Notification;","","  })();","","  module.exports = Notification;","","}).call(this);",""],"l":{"2":1,"3":1,"5":1,"6":1,"7":0,"8":0,"11":1,"12":0,"13":0,"14":0,"16":0,"17":0,"19":0,"24":1,"25":0,"26":0,"27":0,"29":0,"30":0,"32":0,"37":1,"38":0,"39":0,"43":0,"44":0,"45":0,"47":0,"48":0,"50":0,"55":1,"56":0,"57":0,"61":0,"62":0,"63":0,"65":0,"66":0,"68":0,"73":1,"77":1}},"/home/travis/build/npmtest/node-npmtest-octonode/node_modules/octonode/lib/octonode/search.js":{"path":"/home/travis/build/npmtest/node-npmtest-octonode/node_modules/octonode/lib/octonode/search.js","s":{"1":1,"2":1,"3":1,"4":1,"5":0,"6":1,"7":0,"8":0,"9":0,"10":0,"11":0,"12":0,"13":1,"14":0,"15":0,"16":0,"17":0,"18":0,"19":0,"20":1,"21":0,"22":0,"23":0,"24":0,"25":0,"26":0,"27":1,"28":0,"29":0,"30":0,"31":0,"32":0,"33":0,"34":1,"35":1},"b":{"1":[0,0],"2":[0,0],"3":[0,0],"4":[0,0],"5":[0,0],"6":[0,0],"7":[0,0],"8":[0,0]},"f":{"1":1,"2":1,"3":0,"4":0,"5":0,"6":0,"7":0,"8":0,"9":0,"10":0,"11":0},"fnMap":{"1":{"name":"(anonymous_1)","line":2,"loc":{"start":{"line":2,"column":1},"end":{"line":2,"column":12}}},"2":{"name":"(anonymous_2)","line":5,"loc":{"start":{"line":5,"column":12},"end":{"line":5,"column":23}}},"3":{"name":"Search","line":6,"loc":{"start":{"line":6,"column":4},"end":{"line":6,"column":28}}},"4":{"name":"(anonymous_4)","line":10,"loc":{"start":{"line":10,"column":30},"end":{"line":10,"column":51}}},"5":{"name":"(anonymous_5)","line":11,"loc":{"start":{"line":11,"column":55},"end":{"line":11,"column":78}}},"6":{"name":"(anonymous_6)","line":23,"loc":{"start":{"line":23,"column":29},"end":{"line":23,"column":50}}},"7":{"name":"(anonymous_7)","line":24,"loc":{"start":{"line":24,"column":61},"end":{"line":24,"column":84}}},"8":{"name":"(anonymous_8)","line":36,"loc":{"start":{"line":36,"column":29},"end":{"line":36,"column":50}}},"9":{"name":"(anonymous_9)","line":37,"loc":{"start":{"line":37,"column":54},"end":{"line":37,"column":77}}},"10":{"name":"(anonymous_10)","line":49,"loc":{"start":{"line":49,"column":28},"end":{"line":49,"column":49}}},"11":{"name":"(anonymous_11)","line":50,"loc":{"start":{"line":50,"column":53},"end":{"line":50,"column":76}}}},"statementMap":{"1":{"start":{"line":2,"column":0},"end":{"line":68,"column":14}},"2":{"start":{"line":3,"column":2},"end":{"line":3,"column":13}},"3":{"start":{"line":5,"column":2},"end":{"line":64,"column":7}},"4":{"start":{"line":6,"column":4},"end":{"line":8,"column":5}},"5":{"start":{"line":7,"column":6},"end":{"line":7,"column":27}},"6":{"start":{"line":10,"column":4},"end":{"line":21,"column":6}},"7":{"start":{"line":11,"column":6},"end":{"line":20,"column":9}},"8":{"start":{"line":12,"column":8},"end":{"line":14,"column":9}},"9":{"start":{"line":13,"column":10},"end":{"line":13,"column":25}},"10":{"start":{"line":15,"column":8},"end":{"line":19,"column":9}},"11":{"start":{"line":16,"column":10},"end":{"line":16,"column":54}},"12":{"start":{"line":18,"column":10},"end":{"line":18,"column":32}},"13":{"start":{"line":23,"column":4},"end":{"line":34,"column":6}},"14":{"start":{"line":24,"column":6},"end":{"line":33,"column":9}},"15":{"start":{"line":25,"column":8},"end":{"line":27,"column":9}},"16":{"start":{"line":26,"column":10},"end":{"line":26,"column":25}},"17":{"start":{"line":28,"column":8},"end":{"line":32,"column":9}},"18":{"start":{"line":29,"column":10},"end":{"line":29,"column":53}},"19":{"start":{"line":31,"column":10},"end":{"line":31,"column":32}},"20":{"start":{"line":36,"column":4},"end":{"line":47,"column":6}},"21":{"start":{"line":37,"column":6},"end":{"line":46,"column":9}},"22":{"start":{"line":38,"column":8},"end":{"line":40,"column":9}},"23":{"start":{"line":39,"column":10},"end":{"line":39,"column":25}},"24":{"start":{"line":41,"column":8},"end":{"line":45,"column":9}},"25":{"start":{"line":42,"column":10},"end":{"line":42,"column":53}},"26":{"start":{"line":44,"column":10},"end":{"line":44,"column":32}},"27":{"start":{"line":49,"column":4},"end":{"line":60,"column":6}},"28":{"start":{"line":50,"column":6},"end":{"line":59,"column":9}},"29":{"start":{"line":51,"column":8},"end":{"line":53,"column":9}},"30":{"start":{"line":52,"column":10},"end":{"line":52,"column":25}},"31":{"start":{"line":54,"column":8},"end":{"line":58,"column":9}},"32":{"start":{"line":55,"column":10},"end":{"line":55,"column":53}},"33":{"start":{"line":57,"column":10},"end":{"line":57,"column":32}},"34":{"start":{"line":62,"column":4},"end":{"line":62,"column":18}},"35":{"start":{"line":66,"column":2},"end":{"line":66,"column":26}}},"branchMap":{"1":{"line":12,"type":"if","locations":[{"start":{"line":12,"column":8},"end":{"line":12,"column":8}},{"start":{"line":12,"column":8},"end":{"line":12,"column":8}}]},"2":{"line":15,"type":"if","locations":[{"start":{"line":15,"column":8},"end":{"line":15,"column":8}},{"start":{"line":15,"column":8},"end":{"line":15,"column":8}}]},"3":{"line":25,"type":"if","locations":[{"start":{"line":25,"column":8},"end":{"line":25,"column":8}},{"start":{"line":25,"column":8},"end":{"line":25,"column":8}}]},"4":{"line":28,"type":"if","locations":[{"start":{"line":28,"column":8},"end":{"line":28,"column":8}},{"start":{"line":28,"column":8},"end":{"line":28,"column":8}}]},"5":{"line":38,"type":"if","locations":[{"start":{"line":38,"column":8},"end":{"line":38,"column":8}},{"start":{"line":38,"column":8},"end":{"line":38,"column":8}}]},"6":{"line":41,"type":"if","locations":[{"start":{"line":41,"column":8},"end":{"line":41,"column":8}},{"start":{"line":41,"column":8},"end":{"line":41,"column":8}}]},"7":{"line":51,"type":"if","locations":[{"start":{"line":51,"column":8},"end":{"line":51,"column":8}},{"start":{"line":51,"column":8},"end":{"line":51,"column":8}}]},"8":{"line":54,"type":"if","locations":[{"start":{"line":54,"column":8},"end":{"line":54,"column":8}},{"start":{"line":54,"column":8},"end":{"line":54,"column":8}}]}},"code":["// Generated by CoffeeScript 1.12.5","(function() {","  var Search;","","  Search = (function() {","    function Search(client) {","      this.client = client;","    }","","    Search.prototype.issues = function(params, cb) {","      return this.client.get(\"/search/issues\", params, function(err, s, b, h) {","        if (err) {","          return cb(err);","        }","        if (s !== 200) {","          return cb(new Error('Search issues error'));","        } else {","          return cb(null, b, h);","        }","      });","    };","","    Search.prototype.repos = function(params, cb) {","      return this.client.get(\"/search/repositories\", params, function(err, s, b, h) {","        if (err) {","          return cb(err);","        }","        if (s !== 200) {","          return cb(new Error('Search repos error'));","        } else {","          return cb(null, b, h);","        }","      });","    };","","    Search.prototype.users = function(params, cb) {","      return this.client.get(\"/search/users\", params, function(err, s, b, h) {","        if (err) {","          return cb(err);","        }","        if (s !== 200) {","          return cb(new Error('Search users error'));","        } else {","          return cb(null, b, h);","        }","      });","    };","","    Search.prototype.code = function(params, cb) {","      return this.client.get(\"/search/code\", params, function(err, s, b, h) {","        if (err) {","          return cb(err);","        }","        if (s !== 200) {","          return cb(new Error('Search email error'));","        } else {","          return cb(null, b, h);","        }","      });","    };","","    return Search;","","  })();","","  module.exports = Search;","","}).call(this);",""],"l":{"2":1,"3":1,"5":1,"6":1,"7":0,"10":1,"11":0,"12":0,"13":0,"15":0,"16":0,"18":0,"23":1,"24":0,"25":0,"26":0,"28":0,"29":0,"31":0,"36":1,"37":0,"38":0,"39":0,"41":0,"42":0,"44":0,"49":1,"50":0,"51":0,"52":0,"54":0,"55":0,"57":0,"62":1,"66":1}},"/home/travis/build/npmtest/node-npmtest-octonode/node_modules/octonode/lib/octonode/project.js":{"path":"/home/travis/build/npmtest/node-npmtest-octonode/node_modules/octonode/lib/octonode/project.js","s":{"1":1,"2":1,"3":1,"4":1,"5":0,"6":0,"7":0,"8":1,"9":0,"10":0,"11":0,"12":0,"13":0,"14":0,"15":1,"16":0,"17":0,"18":0,"19":0,"20":0,"21":0,"22":1,"23":0,"24":0,"25":0,"26":0,"27":0,"28":0,"29":1,"30":1},"b":{"1":[0,0],"2":[0,0],"3":[0,0],"4":[0,0],"5":[0,0],"6":[0,0]},"f":{"1":1,"2":1,"3":0,"4":0,"5":0,"6":0,"7":0,"8":0,"9":0},"fnMap":{"1":{"name":"(anonymous_1)","line":2,"loc":{"start":{"line":2,"column":1},"end":{"line":2,"column":12}}},"2":{"name":"(anonymous_2)","line":5,"loc":{"start":{"line":5,"column":13},"end":{"line":5,"column":24}}},"3":{"name":"Project","line":6,"loc":{"start":{"line":6,"column":4},"end":{"line":6,"column":43}}},"4":{"name":"(anonymous_4)","line":12,"loc":{"start":{"line":12,"column":29},"end":{"line":12,"column":42}}},"5":{"name":"(anonymous_5)","line":13,"loc":{"start":{"line":13,"column":81},"end":{"line":13,"column":104}}},"6":{"name":"(anonymous_6)","line":25,"loc":{"start":{"line":25,"column":31},"end":{"line":25,"column":49}}},"7":{"name":"(anonymous_7)","line":26,"loc":{"start":{"line":26,"column":87},"end":{"line":26,"column":110}}},"8":{"name":"(anonymous_8)","line":38,"loc":{"start":{"line":38,"column":34},"end":{"line":38,"column":47}}},"9":{"name":"(anonymous_9)","line":39,"loc":{"start":{"line":39,"column":85},"end":{"line":39,"column":108}}}},"statementMap":{"1":{"start":{"line":2,"column":0},"end":{"line":57,"column":14}},"2":{"start":{"line":3,"column":2},"end":{"line":3,"column":14}},"3":{"start":{"line":5,"column":2},"end":{"line":53,"column":7}},"4":{"start":{"line":6,"column":4},"end":{"line":10,"column":5}},"5":{"start":{"line":7,"column":6},"end":{"line":7,"column":23}},"6":{"start":{"line":8,"column":6},"end":{"line":8,"column":27}},"7":{"start":{"line":9,"column":6},"end":{"line":9,"column":27}},"8":{"start":{"line":12,"column":4},"end":{"line":23,"column":6}},"9":{"start":{"line":13,"column":6},"end":{"line":22,"column":9}},"10":{"start":{"line":14,"column":8},"end":{"line":16,"column":9}},"11":{"start":{"line":15,"column":10},"end":{"line":15,"column":25}},"12":{"start":{"line":17,"column":8},"end":{"line":21,"column":9}},"13":{"start":{"line":18,"column":10},"end":{"line":18,"column":53}},"14":{"start":{"line":20,"column":10},"end":{"line":20,"column":32}},"15":{"start":{"line":25,"column":4},"end":{"line":36,"column":6}},"16":{"start":{"line":26,"column":6},"end":{"line":35,"column":9}},"17":{"start":{"line":27,"column":8},"end":{"line":29,"column":9}},"18":{"start":{"line":28,"column":10},"end":{"line":28,"column":25}},"19":{"start":{"line":30,"column":8},"end":{"line":34,"column":9}},"20":{"start":{"line":31,"column":10},"end":{"line":31,"column":55}},"21":{"start":{"line":33,"column":10},"end":{"line":33,"column":32}},"22":{"start":{"line":38,"column":4},"end":{"line":49,"column":6}},"23":{"start":{"line":39,"column":6},"end":{"line":48,"column":9}},"24":{"start":{"line":40,"column":8},"end":{"line":42,"column":9}},"25":{"start":{"line":41,"column":10},"end":{"line":41,"column":25}},"26":{"start":{"line":43,"column":8},"end":{"line":47,"column":9}},"27":{"start":{"line":44,"column":10},"end":{"line":44,"column":55}},"28":{"start":{"line":46,"column":10},"end":{"line":46,"column":32}},"29":{"start":{"line":51,"column":4},"end":{"line":51,"column":19}},"30":{"start":{"line":55,"column":2},"end":{"line":55,"column":27}}},"branchMap":{"1":{"line":14,"type":"if","locations":[{"start":{"line":14,"column":8},"end":{"line":14,"column":8}},{"start":{"line":14,"column":8},"end":{"line":14,"column":8}}]},"2":{"line":17,"type":"if","locations":[{"start":{"line":17,"column":8},"end":{"line":17,"column":8}},{"start":{"line":17,"column":8},"end":{"line":17,"column":8}}]},"3":{"line":27,"type":"if","locations":[{"start":{"line":27,"column":8},"end":{"line":27,"column":8}},{"start":{"line":27,"column":8},"end":{"line":27,"column":8}}]},"4":{"line":30,"type":"if","locations":[{"start":{"line":30,"column":8},"end":{"line":30,"column":8}},{"start":{"line":30,"column":8},"end":{"line":30,"column":8}}]},"5":{"line":40,"type":"if","locations":[{"start":{"line":40,"column":8},"end":{"line":40,"column":8}},{"start":{"line":40,"column":8},"end":{"line":40,"column":8}}]},"6":{"line":43,"type":"if","locations":[{"start":{"line":43,"column":8},"end":{"line":43,"column":8}},{"start":{"line":43,"column":8},"end":{"line":43,"column":8}}]}},"code":["// Generated by CoffeeScript 1.12.5","(function() {","  var Project;","","  Project = (function() {","    function Project(repo, number, client) {","      this.repo = repo;","      this.number = number;","      this.client = client;","    }","","    Project.prototype.info = function(cb) {","      return this.client.get(\"/repos/\" + this.repo + \"/projects/\" + this.number, function(err, s, b, h) {","        if (err) {","          return cb(err);","        }","        if (s !== 200) {","          return cb(new Error(\"Project info error\"));","        } else {","          return cb(null, b, h);","        }","      });","    };","","    Project.prototype.update = function(obj, cb) {","      return this.client.post(\"/repos/\" + this.repo + \"/projects/\" + this.number, obj, function(err, s, b, h) {","        if (err) {","          return cb(err);","        }","        if (s !== 200) {","          return cb(new Error(\"Project update error\"));","        } else {","          return cb(null, b, h);","        }","      });","    };","","    Project.prototype[\"delete\"] = function(cb) {","      return this.client.del(\"/repos/\" + this.repo + \"/projects/\" + this.number, {}, function(err, s, b, h) {","        if (err) {","          return cb(err);","        }","        if (s !== 204) {","          return cb(new Error(\"Project delete error\"));","        } else {","          return cb(null, b, h);","        }","      });","    };","","    return Project;","","  })();","","  module.exports = Project;","","}).call(this);",""],"l":{"2":1,"3":1,"5":1,"6":1,"7":0,"8":0,"9":0,"12":1,"13":0,"14":0,"15":0,"17":0,"18":0,"20":0,"25":1,"26":0,"27":0,"28":0,"30":0,"31":0,"33":0,"38":1,"39":0,"40":0,"41":0,"43":0,"44":0,"46":0,"51":1,"55":1}}}